2021-08-22 01:38:34.7001  INFO Starting test: Vote.Votes+SetUpFixture.Vote
2021-08-22 01:38:34.8480 TRACE > Set up AtataContext
2021-08-22 01:38:34.9017 TRACE - Use: "Atata.json" config
2021-08-22 01:38:34.9025 TRACE - Use: "Atata.local.json" config
2021-08-22 01:38:34.9030 TRACE - Set: BaseUrl=https://www.fusohero.com.tw/vote-content.php?id=67
2021-08-22 01:38:34.9042 TRACE - Set: ElementFindTimeout=5s; ElementFindRetryInterval=0.5s
2021-08-22 01:38:34.9048 TRACE - Set: WaitingTimeout=5s; WaitingRetryInterval=0.5s
2021-08-22 01:38:34.9054 TRACE - Set: VerificationTimeout=5s; VerificationRetryInterval=0.5s
2021-08-22 01:38:34.9061 TRACE - Set: Culture=en-US
2021-08-22 01:38:34.9068 TRACE - Set: Artifacts=C:\Workspace\Vote\Vote\bin\Debug\netcoreapp3.1\artifacts\2021-08-22 01_38_34\Votes+SetUpFixture\Vote
2021-08-22 01:38:34.9133 TRACE - Set: DriverService=ChromeDriverService on port 56605
2021-08-22 01:38:35.5897 TRACE - Set: Driver=ChromeDriver (alias=chrome)
2021-08-22 01:38:35.5919 TRACE < Set up AtataContext (0.743s)
2021-08-22 01:38:35.6142  INFO Go to "Vote" page
2021-08-22 01:38:35.6329  INFO Go to URL "https://www.fusohero.com.tw/vote-content.php?id=67"
2021-08-22 01:38:38.7396  INFO > Click "Vote Btn" link
2021-08-22 01:38:38.7429 TRACE - > Execute behavior ClickUsingClickMethodAttribute against "Vote Btn" link
2021-08-22 01:38:38.7600 TRACE - - > Find visible element by XPath ".//a[@href='javascript:void(0);']" in ChromeDriver
2021-08-22 01:38:38.7911 TRACE - - < Find visible element by XPath ".//a[@href='javascript:void(0);']" in ChromeDriver (0.030s) >> Element { Id=18d5381e-0e68-4ea2-8eed-a48c86d2a843 }
2021-08-22 01:38:38.7923 TRACE - - > Click element { Id=18d5381e-0e68-4ea2-8eed-a48c86d2a843 }
2021-08-22 01:38:56.5283 TRACE - - < Click element { Id=18d5381e-0e68-4ea2-8eed-a48c86d2a843 } (17.735s)
2021-08-22 01:38:56.5300 TRACE - < Execute behavior ClickUsingClickMethodAttribute against "Vote Btn" link (17.787s)
2021-08-22 01:38:56.5310  INFO < Click "Vote Btn" link (17.791s)
2021-08-22 01:38:56.5611 ERROR System.NullReferenceException : Object reference not set to an instance of an object.
   at Vote.Votes.SetUpFixture.UseModHeader() in C:\Workspace\Vote\Vote\Votes.cs:line 53
   at Vote.Votes.SetUpFixture.Vote() in C:\Workspace\Vote\Vote\Votes.cs:line 47
   at NUnit.Framework.Internal.TaskAwaitAdapter.GenericAdapter`1.GetResult()
   at NUnit.Framework.Internal.AsyncToSyncAdapter.Await(Func`1 invoke)
   at NUnit.Framework.Internal.Commands.TestMethodCommand.RunTestMethod(TestExecutionContext context)
   at NUnit.Framework.Internal.Commands.TestMethodCommand.Execute(TestExecutionContext context)
   at NUnit.Framework.Internal.Commands.BeforeAndAfterTestCommand.<>c__DisplayClass1_0.<Execute>b__0()
   at NUnit.Framework.Internal.Commands.BeforeAndAfterTestCommand.RunTestMethodInThreadAbortSafeZone(TestExecutionContext context, Action action)
2021-08-22 01:38:56.5644  INFO Take screenshot #01 - Failed
2021-08-22 01:38:57.0238  INFO Screenshot saved to file "C:\Workspace\Vote\Vote\bin\Debug\netcoreapp3.1\artifacts\2021-08-22 01_38_34\Votes+SetUpFixture\Vote\01 - Vote page - Failed.png"
2021-08-22 01:38:57.0276 ERROR System.NullReferenceException : Object reference not set to an instance of an object.
   at Vote.Votes.SetUpFixture.UseModHeader() in C:\Workspace\Vote\Vote\Votes.cs:line 53
   at Vote.Votes.SetUpFixture.Vote() in C:\Workspace\Vote\Vote\Votes.cs:line 47
   at NUnit.Framework.Internal.TaskAwaitAdapter.GenericAdapter`1.GetResult()
   at NUnit.Framework.Internal.AsyncToSyncAdapter.Await(Func`1 invoke)
   at NUnit.Framework.Internal.Commands.TestMethodCommand.RunTestMethod(TestExecutionContext context)
   at NUnit.Framework.Internal.Commands.TestMethodCommand.Execute(TestExecutionContext context)
   at NUnit.Framework.Internal.Commands.BeforeAndAfterTestCommand.<>c__DisplayClass1_0.<Execute>b__0()
   at NUnit.Framework.Internal.Commands.BeforeAndAfterTestCommand.RunTestMethodInThreadAbortSafeZone(TestExecutionContext context, Action action)
2021-08-22 01:38:57.0283  INFO Take screenshot #02 - Failed
2021-08-22 01:38:57.4608  INFO Screenshot saved to file "C:\Workspace\Vote\Vote\bin\Debug\netcoreapp3.1\artifacts\2021-08-22 01_38_34\Votes+SetUpFixture\Vote\02 - Vote page - Failed.png"
2021-08-22 01:38:57.4641  INFO > Clean up AtataContext
2021-08-22 01:38:57.6059  INFO < Clean up AtataContext (0.141s)
2021-08-22 01:38:57.6077  INFO Finished test (22.963s)
2021-08-22 01:38:57.6088  INFO Pure test execution time: 20.958s
