2021-08-22 01:30:48.3521  INFO Starting test: Vote.Votes+SetUpFixture.SignIn
2021-08-22 01:30:48.5013 TRACE > Set up AtataContext
2021-08-22 01:30:48.5568 TRACE - Use: "Atata.json" config
2021-08-22 01:30:48.5576 TRACE - Use: "Atata.local.json" config
2021-08-22 01:30:48.5582 TRACE - Set: BaseUrl=https://www.fusohero.com.tw/vote-content.php?id=67
2021-08-22 01:30:48.5596 TRACE - Set: ElementFindTimeout=5s; ElementFindRetryInterval=0.5s
2021-08-22 01:30:48.5601 TRACE - Set: WaitingTimeout=5s; WaitingRetryInterval=0.5s
2021-08-22 01:30:48.5607 TRACE - Set: VerificationTimeout=5s; VerificationRetryInterval=0.5s
2021-08-22 01:30:48.5616 TRACE - Set: Culture=en-US
2021-08-22 01:30:48.5626 TRACE - Set: Artifacts=C:\Workspace\Vote\Vote\bin\Debug\netcoreapp3.1\artifacts\2021-08-22 01_30_48\Votes+SetUpFixture\SignIn
2021-08-22 01:30:48.5701 TRACE - Set: DriverService=ChromeDriverService on port 56716
2021-08-22 01:30:49.2442 TRACE - Set: Driver=ChromeDriver (alias=chrome)
2021-08-22 01:30:49.2462 TRACE < Set up AtataContext (0.744s)
2021-08-22 01:30:49.2686  INFO Go to "Vote" page
2021-08-22 01:30:49.2875  INFO Go to URL "https://www.fusohero.com.tw/vote-content.php?id=67"
2021-08-22 01:30:52.1353  INFO > Click "Vote Btn" link
2021-08-22 01:30:52.1387 TRACE - > Execute behavior ClickUsingClickMethodAttribute against "Vote Btn" link
2021-08-22 01:30:52.1576 TRACE - - > Find visible element by XPath ".//*[normalize-space(@id) = 'vote-btn']/descendant-or-self::a" in ChromeDriver
2021-08-22 01:30:57.1870 TRACE - - < Find visible element by XPath ".//*[normalize-space(@id) = 'vote-btn']/descendant-or-self::a" in ChromeDriver (5.029s) >> OpenQA.Selenium.NoSuchElementException: Unable to locate visible element...
2021-08-22 01:30:57.1885 TRACE - < Execute behavior ClickUsingClickMethodAttribute against "Vote Btn" link (5.049s) >> OpenQA.Selenium.NoSuchElementException: Unable to locate visible element...
2021-08-22 01:30:57.1893  INFO < Click "Vote Btn" link (5.054s) >> OpenQA.Selenium.NoSuchElementException: Unable to locate visible element...
2021-08-22 01:30:57.2327 ERROR OpenQA.Selenium.NoSuchElementException : Unable to locate visible element:
- By: XPath ".//*[normalize-space(@id) = 'vote-btn']/descendant-or-self::a"
- Search time: 5.025s
- Search options: {Visibility=Visible, Timeout=5s, RetryInterval=0.5s, IsSafely=False}
   at Atata.ExtendedSearchContext`1.Find(By by)
   at Atata.ExtendedSearchContext`1.FindElement(By by)
   at Atata.ISearchContextExtensions.Get[T](T searchContext, By by)
   at Atata.ISearchContextLoggingExtensions.<>c__DisplayClass0_0.<GetWithLogging>b__0()
   at Atata.LogManager.ExecuteSection[TResult](LogSection section, Func`1 function)
   at Atata.ISearchContextLoggingExtensions.GetWithLogging(ISearchContext searchContext, By by)
   at Atata.XPathComponentScopeFindResult.Get(String xPathCondition)
   at Atata.StrategyScopeLocator.<>c__DisplayClass3_0.<GetElement>b__0(XPathComponentScopeFindResult x)
   at System.Linq.Enumerable.SelectArrayIterator`2.MoveNext()
   at System.Linq.Enumerable.TryGetFirst[TSource](IEnumerable`1 source, Func`2 predicate, Boolean& found)
   at System.Linq.Enumerable.FirstOrDefault[TSource](IEnumerable`1 source, Func`2 predicate)
   at Atata.StrategyScopeLocator.GetElement(SearchOptions searchOptions, String xPathCondition)
   at Atata.UIComponent`1.OnGetScopeElement(SearchOptions searchOptions)
   at Atata.UIComponent.GetScopeElement(SearchOptions searchOptions)
   at Atata.UIComponent.get_Scope()
   at Atata.ClickUsingClickMethodAttribute.Execute[TOwner](IUIComponent`1 component)
   at Atata.Control`1.<>c__DisplayClass12_0.<OnClick>b__0()
   at Atata.LogManager.ExecuteSection(LogSection section, Action action)
   at Atata.Control`1.OnClick()
   at Atata.LogManager.ExecuteSection(LogSection section, Action action)
   at Atata.Control`1.Click()
   at Vote.Votes.SetUpFixture.SignIn() in C:\Workspace\Vote\Vote\Votes.cs:line 39
2021-08-22 01:30:57.2357  INFO Take screenshot #01 - Failed
2021-08-22 01:30:57.4863  INFO Screenshot saved to file "C:\Workspace\Vote\Vote\bin\Debug\netcoreapp3.1\artifacts\2021-08-22 01_30_48\Votes+SetUpFixture\SignIn\01 - Vote page - Failed.png"
2021-08-22 01:30:57.4885 ERROR OpenQA.Selenium.NoSuchElementException : Unable to locate visible element:
- By: XPath ".//*[normalize-space(@id) = 'vote-btn']/descendant-or-self::a"
- Search time: 5.025s
- Search options: {Visibility=Visible, Timeout=5s, RetryInterval=0.5s, IsSafely=False}
   at Atata.ExtendedSearchContext`1.Find(By by)
   at Atata.ExtendedSearchContext`1.FindElement(By by)
   at Atata.ISearchContextExtensions.Get[T](T searchContext, By by)
   at Atata.ISearchContextLoggingExtensions.<>c__DisplayClass0_0.<GetWithLogging>b__0()
   at Atata.LogManager.ExecuteSection[TResult](LogSection section, Func`1 function)
   at Atata.ISearchContextLoggingExtensions.GetWithLogging(ISearchContext searchContext, By by)
   at Atata.XPathComponentScopeFindResult.Get(String xPathCondition)
   at Atata.StrategyScopeLocator.<>c__DisplayClass3_0.<GetElement>b__0(XPathComponentScopeFindResult x)
   at System.Linq.Enumerable.SelectArrayIterator`2.MoveNext()
   at System.Linq.Enumerable.TryGetFirst[TSource](IEnumerable`1 source, Func`2 predicate, Boolean& found)
   at System.Linq.Enumerable.FirstOrDefault[TSource](IEnumerable`1 source, Func`2 predicate)
   at Atata.StrategyScopeLocator.GetElement(SearchOptions searchOptions, String xPathCondition)
   at Atata.UIComponent`1.OnGetScopeElement(SearchOptions searchOptions)
   at Atata.UIComponent.GetScopeElement(SearchOptions searchOptions)
   at Atata.UIComponent.get_Scope()
   at Atata.ClickUsingClickMethodAttribute.Execute[TOwner](IUIComponent`1 component)
   at Atata.Control`1.<>c__DisplayClass12_0.<OnClick>b__0()
   at Atata.LogManager.ExecuteSection(LogSection section, Action action)
   at Atata.Control`1.OnClick()
   at Atata.LogManager.ExecuteSection(LogSection section, Action action)
   at Atata.Control`1.Click()
   at Vote.Votes.SetUpFixture.SignIn() in C:\Workspace\Vote\Vote\Votes.cs:line 39
2021-08-22 01:30:57.4890  INFO Take screenshot #02 - Failed
2021-08-22 01:30:57.7000  INFO Screenshot saved to file "C:\Workspace\Vote\Vote\bin\Debug\netcoreapp3.1\artifacts\2021-08-22 01_30_48\Votes+SetUpFixture\SignIn\02 - Vote page - Failed.png"
2021-08-22 01:30:57.7015  INFO > Clean up AtataContext
2021-08-22 01:30:57.8259  INFO < Clean up AtataContext (0.124s)
2021-08-22 01:30:57.8269  INFO Finished test (9.535s)
2021-08-22 01:30:57.8276  INFO Pure test execution time: 7.976s
