2021-08-22 01:26:14.2570  INFO Starting test: Vote.Votes+SetUpFixture.SignIn
2021-08-22 01:26:14.4025 TRACE > Set up AtataContext
2021-08-22 01:26:14.4535 TRACE - Use: "Atata.json" config
2021-08-22 01:26:14.4545 TRACE - Use: "Atata.local.json" config
2021-08-22 01:26:14.4551 TRACE - Set: BaseUrl=https://www.fusohero.com.tw/vote-content.php?id=67
2021-08-22 01:26:14.4563 TRACE - Set: ElementFindTimeout=5s; ElementFindRetryInterval=0.5s
2021-08-22 01:26:14.4569 TRACE - Set: WaitingTimeout=5s; WaitingRetryInterval=0.5s
2021-08-22 01:26:14.4576 TRACE - Set: VerificationTimeout=5s; VerificationRetryInterval=0.5s
2021-08-22 01:26:14.4583 TRACE - Set: Culture=en-US
2021-08-22 01:26:14.4592 TRACE - Set: Artifacts=C:\Workspace\Vote\Vote\bin\Debug\netcoreapp3.1\artifacts\2021-08-22 01_26_14\Votes+SetUpFixture\SignIn
2021-08-22 01:26:14.4658 TRACE - Set: DriverService=ChromeDriverService on port 53367
2021-08-22 01:26:15.0846 TRACE - Set: Driver=ChromeDriver (alias=chrome)
2021-08-22 01:26:15.0867 TRACE < Set up AtataContext (0.683s)
2021-08-22 01:26:15.1088  INFO Go to "Vote" page
2021-08-22 01:26:15.1279  INFO Go to URL "https://www.fusohero.com.tw/vote-content.php?id=67"
2021-08-22 01:26:17.9847  INFO > Click "Vote Btn" link
2021-08-22 01:26:17.9879 TRACE - > Execute behavior ClickUsingClickMethodAttribute against "Vote Btn" link
2021-08-22 01:26:18.0059 TRACE - - > Find visible element by XPath ".//a[normalize-space(.) = 'vote-btn']" in ChromeDriver
2021-08-22 01:26:23.0195 TRACE - - < Find visible element by XPath ".//a[normalize-space(.) = 'vote-btn']" in ChromeDriver (5.013s) >> OpenQA.Selenium.NoSuchElementException: Unable to locate visible element...
2021-08-22 01:26:23.0209 TRACE - < Execute behavior ClickUsingClickMethodAttribute against "Vote Btn" link (5.032s) >> OpenQA.Selenium.NoSuchElementException: Unable to locate visible element...
2021-08-22 01:26:23.0216  INFO < Click "Vote Btn" link (5.036s) >> OpenQA.Selenium.NoSuchElementException: Unable to locate visible element...
2021-08-22 01:26:23.0463 ERROR OpenQA.Selenium.NoSuchElementException : Unable to locate visible element:
- By: XPath ".//a[normalize-space(.) = 'vote-btn']"
- Search time: 5.009s
- Search options: {Visibility=Visible, Timeout=5s, RetryInterval=0.5s, IsSafely=False}
   at Atata.ExtendedSearchContext`1.Find(By by)
   at Atata.ExtendedSearchContext`1.FindElement(By by)
   at Atata.ISearchContextExtensions.Get[T](T searchContext, By by)
   at Atata.ISearchContextLoggingExtensions.<>c__DisplayClass0_0.<GetWithLogging>b__0()
   at Atata.LogManager.ExecuteSection[TResult](LogSection section, Func`1 function)
   at Atata.ISearchContextLoggingExtensions.GetWithLogging(ISearchContext searchContext, By by)
   at Atata.XPathComponentScopeFindResult.Get(String xPathCondition)
   at Atata.StrategyScopeLocator.<>c__DisplayClass3_0.<GetElement>b__0(XPathComponentScopeFindResult x)
   at System.Linq.Enumerable.SelectArrayIterator`2.MoveNext()
   at System.Linq.Enumerable.TryGetFirst[TSource](IEnumerable`1 source, Func`2 predicate, Boolean& found)
   at System.Linq.Enumerable.FirstOrDefault[TSource](IEnumerable`1 source, Func`2 predicate)
   at Atata.StrategyScopeLocator.GetElement(SearchOptions searchOptions, String xPathCondition)
   at Atata.UIComponent`1.OnGetScopeElement(SearchOptions searchOptions)
   at Atata.UIComponent.GetScopeElement(SearchOptions searchOptions)
   at Atata.UIComponent.get_Scope()
   at Atata.ClickUsingClickMethodAttribute.Execute[TOwner](IUIComponent`1 component)
   at Atata.Control`1.<>c__DisplayClass12_0.<OnClick>b__0()
   at Atata.LogManager.ExecuteSection(LogSection section, Action action)
   at Atata.Control`1.OnClick()
   at Atata.LogManager.ExecuteSection(LogSection section, Action action)
   at Atata.Control`1.Click()
   at Vote.Votes.SetUpFixture.SignIn() in C:\Workspace\Vote\Vote\Votes.cs:line 39
2021-08-22 01:26:23.0487  INFO Take screenshot #01 - Failed
2021-08-22 01:26:23.2751  INFO Screenshot saved to file "C:\Workspace\Vote\Vote\bin\Debug\netcoreapp3.1\artifacts\2021-08-22 01_26_14\Votes+SetUpFixture\SignIn\01 - Vote page - Failed.png"
2021-08-22 01:26:23.2788 ERROR OpenQA.Selenium.NoSuchElementException : Unable to locate visible element:
- By: XPath ".//a[normalize-space(.) = 'vote-btn']"
- Search time: 5.009s
- Search options: {Visibility=Visible, Timeout=5s, RetryInterval=0.5s, IsSafely=False}
   at Atata.ExtendedSearchContext`1.Find(By by)
   at Atata.ExtendedSearchContext`1.FindElement(By by)
   at Atata.ISearchContextExtensions.Get[T](T searchContext, By by)
   at Atata.ISearchContextLoggingExtensions.<>c__DisplayClass0_0.<GetWithLogging>b__0()
   at Atata.LogManager.ExecuteSection[TResult](LogSection section, Func`1 function)
   at Atata.ISearchContextLoggingExtensions.GetWithLogging(ISearchContext searchContext, By by)
   at Atata.XPathComponentScopeFindResult.Get(String xPathCondition)
   at Atata.StrategyScopeLocator.<>c__DisplayClass3_0.<GetElement>b__0(XPathComponentScopeFindResult x)
   at System.Linq.Enumerable.SelectArrayIterator`2.MoveNext()
   at System.Linq.Enumerable.TryGetFirst[TSource](IEnumerable`1 source, Func`2 predicate, Boolean& found)
   at System.Linq.Enumerable.FirstOrDefault[TSource](IEnumerable`1 source, Func`2 predicate)
   at Atata.StrategyScopeLocator.GetElement(SearchOptions searchOptions, String xPathCondition)
   at Atata.UIComponent`1.OnGetScopeElement(SearchOptions searchOptions)
   at Atata.UIComponent.GetScopeElement(SearchOptions searchOptions)
   at Atata.UIComponent.get_Scope()
   at Atata.ClickUsingClickMethodAttribute.Execute[TOwner](IUIComponent`1 component)
   at Atata.Control`1.<>c__DisplayClass12_0.<OnClick>b__0()
   at Atata.LogManager.ExecuteSection(LogSection section, Action action)
   at Atata.Control`1.OnClick()
   at Atata.LogManager.ExecuteSection(LogSection section, Action action)
   at Atata.Control`1.Click()
   at Vote.Votes.SetUpFixture.SignIn() in C:\Workspace\Vote\Vote\Votes.cs:line 39
2021-08-22 01:26:23.2795  INFO Take screenshot #02 - Failed
2021-08-22 01:26:23.4857  INFO Screenshot saved to file "C:\Workspace\Vote\Vote\bin\Debug\netcoreapp3.1\artifacts\2021-08-22 01_26_14\Votes+SetUpFixture\SignIn\02 - Vote page - Failed.png"
2021-08-22 01:26:23.4871  INFO > Clean up AtataContext
2021-08-22 01:26:23.6253  INFO < Clean up AtataContext (0.138s)
2021-08-22 01:26:23.6269  INFO Finished test (9.425s)
2021-08-22 01:26:23.6276  INFO Pure test execution time: 7.949s
