2021-08-22 20:26:38.9719  INFO Starting test: Vote.Votes+SetUpFixture.Vote
2021-08-22 20:26:39.1190 TRACE > Set up AtataContext
2021-08-22 20:26:39.1771 TRACE - Use: "Atata.json" config
2021-08-22 20:26:39.1786 TRACE - Use: "Atata.local.json" config
2021-08-22 20:26:39.1795 TRACE - Set: BaseUrl=https://www.fusohero.com.tw/vote-content.php?id=67
2021-08-22 20:26:39.1811 TRACE - Set: ElementFindTimeout=5s; ElementFindRetryInterval=0.5s
2021-08-22 20:26:39.1819 TRACE - Set: WaitingTimeout=5s; WaitingRetryInterval=0.5s
2021-08-22 20:26:39.1826 TRACE - Set: VerificationTimeout=5s; VerificationRetryInterval=0.5s
2021-08-22 20:26:39.1835 TRACE - Set: Culture=en-US
2021-08-22 20:26:39.1844 TRACE - Set: Artifacts=C:\Workspace\Vote\Vote\bin\Debug\netcoreapp3.1\artifacts\2021-08-22 20_26_38\Votes+SetUpFixture\Vote
2021-08-22 20:26:39.1907 TRACE - Set: DriverService=ChromeDriverService on port 61930
2021-08-22 20:26:39.8279 TRACE - Set: Driver=ChromeDriver (alias=chrome)
2021-08-22 20:26:39.8308 TRACE < Set up AtataContext (0.711s)
2021-08-22 20:26:39.8555  INFO Go to "Vote" page
2021-08-22 20:26:39.8755  INFO Go to URL "https://www.fusohero.com.tw/vote-content.php?id=67"
2021-08-22 20:26:40.9569 ERROR System.NullReferenceException : Object reference not set to an instance of an object.
   at Vote.Votes.SetUpFixture.UseModHeader() in C:\Workspace\Vote\Vote\Votes.cs:line 58
   at Vote.Votes.SetUpFixture.Vote() in C:\Workspace\Vote\Vote\Votes.cs:line 51
   at NUnit.Framework.Internal.TaskAwaitAdapter.GenericAdapter`1.GetResult()
   at NUnit.Framework.Internal.AsyncToSyncAdapter.Await(Func`1 invoke)
   at NUnit.Framework.Internal.Commands.TestMethodCommand.RunTestMethod(TestExecutionContext context)
   at NUnit.Framework.Internal.Commands.TestMethodCommand.Execute(TestExecutionContext context)
   at NUnit.Framework.Internal.Commands.BeforeAndAfterTestCommand.<>c__DisplayClass1_0.<Execute>b__0()
   at NUnit.Framework.Internal.Commands.BeforeAndAfterTestCommand.RunTestMethodInThreadAbortSafeZone(TestExecutionContext context, Action action)
2021-08-22 20:26:40.9646  INFO Take screenshot #01 - Failed
2021-08-22 20:26:41.2109  INFO Screenshot saved to file "C:\Workspace\Vote\Vote\bin\Debug\netcoreapp3.1\artifacts\2021-08-22 20_26_38\Votes+SetUpFixture\Vote\01 - Vote page - Failed.png"
2021-08-22 20:26:41.2141 ERROR System.NullReferenceException : Object reference not set to an instance of an object.
   at Vote.Votes.SetUpFixture.UseModHeader() in C:\Workspace\Vote\Vote\Votes.cs:line 58
   at Vote.Votes.SetUpFixture.Vote() in C:\Workspace\Vote\Vote\Votes.cs:line 51
   at NUnit.Framework.Internal.TaskAwaitAdapter.GenericAdapter`1.GetResult()
   at NUnit.Framework.Internal.AsyncToSyncAdapter.Await(Func`1 invoke)
   at NUnit.Framework.Internal.Commands.TestMethodCommand.RunTestMethod(TestExecutionContext context)
   at NUnit.Framework.Internal.Commands.TestMethodCommand.Execute(TestExecutionContext context)
   at NUnit.Framework.Internal.Commands.BeforeAndAfterTestCommand.<>c__DisplayClass1_0.<Execute>b__0()
   at NUnit.Framework.Internal.Commands.BeforeAndAfterTestCommand.RunTestMethodInThreadAbortSafeZone(TestExecutionContext context, Action action)
2021-08-22 20:26:41.2148  INFO Take screenshot #02 - Failed
2021-08-22 20:26:41.4141  INFO Screenshot saved to file "C:\Workspace\Vote\Vote\bin\Debug\netcoreapp3.1\artifacts\2021-08-22 20_26_38\Votes+SetUpFixture\Vote\02 - Vote page - Failed.png"
2021-08-22 20:26:41.4150  INFO > Clean up AtataContext
2021-08-22 20:26:41.5401  INFO < Clean up AtataContext (0.125s)
2021-08-22 20:26:41.5413  INFO Finished test (2.628s)
2021-08-22 20:26:41.5431  INFO Pure test execution time: 1.101s
