2021-08-22 01:28:24.9563  INFO Starting test: Vote.Votes+SetUpFixture.SignIn
2021-08-22 01:28:25.1151 TRACE > Set up AtataContext
2021-08-22 01:28:25.1683 TRACE - Use: "Atata.json" config
2021-08-22 01:28:25.1690 TRACE - Use: "Atata.local.json" config
2021-08-22 01:28:25.1697 TRACE - Set: BaseUrl=https://www.fusohero.com.tw/vote-content.php?id=67
2021-08-22 01:28:25.1711 TRACE - Set: ElementFindTimeout=5s; ElementFindRetryInterval=0.5s
2021-08-22 01:28:25.1716 TRACE - Set: WaitingTimeout=5s; WaitingRetryInterval=0.5s
2021-08-22 01:28:25.1722 TRACE - Set: VerificationTimeout=5s; VerificationRetryInterval=0.5s
2021-08-22 01:28:25.1729 TRACE - Set: Culture=en-US
2021-08-22 01:28:25.1739 TRACE - Set: Artifacts=C:\Workspace\Vote\Vote\bin\Debug\netcoreapp3.1\artifacts\2021-08-22 01_28_24\Votes+SetUpFixture\SignIn
2021-08-22 01:28:25.1829 TRACE - Set: DriverService=ChromeDriverService on port 64572
2021-08-22 01:28:25.7937 TRACE - Set: Driver=ChromeDriver (alias=chrome)
2021-08-22 01:28:25.7956 TRACE < Set up AtataContext (0.680s)
2021-08-22 01:28:25.8186  INFO Go to "Vote" page
2021-08-22 01:28:25.8386  INFO Go to URL "https://www.fusohero.com.tw/vote-content.php?id=67"
2021-08-22 01:28:28.7210  INFO > Click "Vote Btn" link
2021-08-22 01:28:28.7243 TRACE - > Execute behavior ClickUsingClickMethodAttribute against "Vote Btn" link
2021-08-22 01:28:28.7423 TRACE - - > Find visible element by XPath ".//a[normalize-space(.) = 'chkInfo();']" in ChromeDriver
2021-08-22 01:28:33.7667 TRACE - - < Find visible element by XPath ".//a[normalize-space(.) = 'chkInfo();']" in ChromeDriver (5.024s) >> OpenQA.Selenium.NoSuchElementException: Unable to locate visible element...
2021-08-22 01:28:33.7684 TRACE - < Execute behavior ClickUsingClickMethodAttribute against "Vote Btn" link (5.044s) >> OpenQA.Selenium.NoSuchElementException: Unable to locate visible element...
2021-08-22 01:28:33.7693  INFO < Click "Vote Btn" link (5.048s) >> OpenQA.Selenium.NoSuchElementException: Unable to locate visible element...
2021-08-22 01:28:33.7938 ERROR OpenQA.Selenium.NoSuchElementException : Unable to locate visible element:
- By: XPath ".//a[normalize-space(.) = 'chkInfo();']"
- Search time: 5.02s
- Search options: {Visibility=Visible, Timeout=5s, RetryInterval=0.5s, IsSafely=False}
   at Atata.ExtendedSearchContext`1.Find(By by)
   at Atata.ExtendedSearchContext`1.FindElement(By by)
   at Atata.ISearchContextExtensions.Get[T](T searchContext, By by)
   at Atata.ISearchContextLoggingExtensions.<>c__DisplayClass0_0.<GetWithLogging>b__0()
   at Atata.LogManager.ExecuteSection[TResult](LogSection section, Func`1 function)
   at Atata.ISearchContextLoggingExtensions.GetWithLogging(ISearchContext searchContext, By by)
   at Atata.XPathComponentScopeFindResult.Get(String xPathCondition)
   at Atata.StrategyScopeLocator.<>c__DisplayClass3_0.<GetElement>b__0(XPathComponentScopeFindResult x)
   at System.Linq.Enumerable.SelectArrayIterator`2.MoveNext()
   at System.Linq.Enumerable.TryGetFirst[TSource](IEnumerable`1 source, Func`2 predicate, Boolean& found)
   at System.Linq.Enumerable.FirstOrDefault[TSource](IEnumerable`1 source, Func`2 predicate)
   at Atata.StrategyScopeLocator.GetElement(SearchOptions searchOptions, String xPathCondition)
   at Atata.UIComponent`1.OnGetScopeElement(SearchOptions searchOptions)
   at Atata.UIComponent.GetScopeElement(SearchOptions searchOptions)
   at Atata.UIComponent.get_Scope()
   at Atata.ClickUsingClickMethodAttribute.Execute[TOwner](IUIComponent`1 component)
   at Atata.Control`1.<>c__DisplayClass12_0.<OnClick>b__0()
   at Atata.LogManager.ExecuteSection(LogSection section, Action action)
   at Atata.Control`1.OnClick()
   at Atata.LogManager.ExecuteSection(LogSection section, Action action)
   at Atata.Control`1.Click()
   at Vote.Votes.SetUpFixture.SignIn() in C:\Workspace\Vote\Vote\Votes.cs:line 39
2021-08-22 01:28:33.7969  INFO Take screenshot #01 - Failed
2021-08-22 01:28:33.9984  INFO Screenshot saved to file "C:\Workspace\Vote\Vote\bin\Debug\netcoreapp3.1\artifacts\2021-08-22 01_28_24\Votes+SetUpFixture\SignIn\01 - Vote page - Failed.png"
2021-08-22 01:28:34.0007 ERROR OpenQA.Selenium.NoSuchElementException : Unable to locate visible element:
- By: XPath ".//a[normalize-space(.) = 'chkInfo();']"
- Search time: 5.02s
- Search options: {Visibility=Visible, Timeout=5s, RetryInterval=0.5s, IsSafely=False}
   at Atata.ExtendedSearchContext`1.Find(By by)
   at Atata.ExtendedSearchContext`1.FindElement(By by)
   at Atata.ISearchContextExtensions.Get[T](T searchContext, By by)
   at Atata.ISearchContextLoggingExtensions.<>c__DisplayClass0_0.<GetWithLogging>b__0()
   at Atata.LogManager.ExecuteSection[TResult](LogSection section, Func`1 function)
   at Atata.ISearchContextLoggingExtensions.GetWithLogging(ISearchContext searchContext, By by)
   at Atata.XPathComponentScopeFindResult.Get(String xPathCondition)
   at Atata.StrategyScopeLocator.<>c__DisplayClass3_0.<GetElement>b__0(XPathComponentScopeFindResult x)
   at System.Linq.Enumerable.SelectArrayIterator`2.MoveNext()
   at System.Linq.Enumerable.TryGetFirst[TSource](IEnumerable`1 source, Func`2 predicate, Boolean& found)
   at System.Linq.Enumerable.FirstOrDefault[TSource](IEnumerable`1 source, Func`2 predicate)
   at Atata.StrategyScopeLocator.GetElement(SearchOptions searchOptions, String xPathCondition)
   at Atata.UIComponent`1.OnGetScopeElement(SearchOptions searchOptions)
   at Atata.UIComponent.GetScopeElement(SearchOptions searchOptions)
   at Atata.UIComponent.get_Scope()
   at Atata.ClickUsingClickMethodAttribute.Execute[TOwner](IUIComponent`1 component)
   at Atata.Control`1.<>c__DisplayClass12_0.<OnClick>b__0()
   at Atata.LogManager.ExecuteSection(LogSection section, Action action)
   at Atata.Control`1.OnClick()
   at Atata.LogManager.ExecuteSection(LogSection section, Action action)
   at Atata.Control`1.Click()
   at Vote.Votes.SetUpFixture.SignIn() in C:\Workspace\Vote\Vote\Votes.cs:line 39
2021-08-22 01:28:34.0015  INFO Take screenshot #02 - Failed
2021-08-22 01:28:34.2102  INFO Screenshot saved to file "C:\Workspace\Vote\Vote\bin\Debug\netcoreapp3.1\artifacts\2021-08-22 01_28_24\Votes+SetUpFixture\SignIn\02 - Vote page - Failed.png"
2021-08-22 01:28:34.2123  INFO > Clean up AtataContext
2021-08-22 01:28:34.3444  INFO < Clean up AtataContext (0.132s)
2021-08-22 01:28:34.3462  INFO Finished test (9.449s)
2021-08-22 01:28:34.3470  INFO Pure test execution time: 7.989s
