2021-08-22 01:06:18.2969  INFO Starting test: Vote.Votes+SetUpFixture.SignIn
2021-08-22 01:06:18.4726 TRACE > Set up AtataContext
2021-08-22 01:06:18.5254 TRACE - Use: "Atata.json" config
2021-08-22 01:06:18.5263 TRACE - Use: "Atata.local.json" config
2021-08-22 01:06:18.5269 TRACE - Set: BaseUrl=https://www.fusohero.com.tw/vote-content.php?id=67
2021-08-22 01:06:18.5282 TRACE - Set: ElementFindTimeout=5s; ElementFindRetryInterval=0.5s
2021-08-22 01:06:18.5289 TRACE - Set: WaitingTimeout=5s; WaitingRetryInterval=0.5s
2021-08-22 01:06:18.5295 TRACE - Set: VerificationTimeout=5s; VerificationRetryInterval=0.5s
2021-08-22 01:06:18.5302 TRACE - Set: Culture=en-US
2021-08-22 01:06:18.5310 TRACE - Set: Artifacts=C:\Workspace\Vote\Vote\bin\Debug\netcoreapp3.1\artifacts\2021-08-22 01_06_18\Votes+SetUpFixture\SignIn
2021-08-22 01:06:18.5388 TRACE - Set: DriverService=ChromeDriverService on port 58427
2021-08-22 01:06:19.2173 TRACE - Set: Driver=ChromeDriver (alias=chrome)
2021-08-22 01:06:19.2194 TRACE < Set up AtataContext (0.746s)
2021-08-22 01:06:19.2452  INFO Go to "Vote" page
2021-08-22 01:06:19.2653  INFO Go to URL "https://www.fusohero.com.tw/vote-content.php?id=67"
2021-08-22 01:06:22.2415  INFO > Click "Vote Btn" link
2021-08-22 01:06:22.2453 TRACE - > Execute behavior ClickUsingClickMethodAttribute against "Vote Btn" link
2021-08-22 01:06:22.2665 TRACE - - > Find visible element by XPath ".//*[normalize-space(@id) = '#votebtn']/descendant-or-self::a" in ChromeDriver
2021-08-22 01:06:27.2863 TRACE - - < Find visible element by XPath ".//*[normalize-space(@id) = '#votebtn']/descendant-or-self::a" in ChromeDriver (5.019s) >> OpenQA.Selenium.NoSuchElementException: Unable to locate visible element...
2021-08-22 01:06:27.2885 TRACE - < Execute behavior ClickUsingClickMethodAttribute against "Vote Btn" link (5.043s) >> OpenQA.Selenium.NoSuchElementException: Unable to locate visible element...
