2021-08-22 00:53:48.3136  INFO Starting test: Vote.Votes+SetUpFixture.SignIn
2021-08-22 00:53:48.4636 TRACE > Set up AtataContext
2021-08-22 00:53:48.5187 TRACE - Use: "Atata.json" config
2021-08-22 00:53:48.5194 TRACE - Use: "Atata.local.json" config
2021-08-22 00:53:48.5200 TRACE - Set: BaseUrl=https://www.fusohero.com.tw/vote-content.php?id=67
2021-08-22 00:53:48.5210 TRACE - Set: ElementFindTimeout=5s; ElementFindRetryInterval=0.5s
2021-08-22 00:53:48.5218 TRACE - Set: WaitingTimeout=5s; WaitingRetryInterval=0.5s
2021-08-22 00:53:48.5226 TRACE - Set: VerificationTimeout=5s; VerificationRetryInterval=0.5s
2021-08-22 00:53:48.5236 TRACE - Set: Culture=en-US
2021-08-22 00:53:48.5246 TRACE - Set: Artifacts=C:\Workspace\Vote\Vote\bin\Debug\netcoreapp3.1\artifacts\2021-08-22 00_53_48\Votes+SetUpFixture\SignIn
2021-08-22 00:53:48.5308 TRACE - Set: DriverService=ChromeDriverService on port 52609
2021-08-22 00:53:49.2161 TRACE - Set: Driver=ChromeDriver (alias=chrome)
2021-08-22 00:53:49.2182 TRACE < Set up AtataContext (0.754s)
2021-08-22 00:53:49.2395  INFO Go to "Vote" page
2021-08-22 00:53:49.2592  INFO Go to URL "https://www.fusohero.com.tw/vote-content.php?id=67"
2021-08-22 00:53:52.1311  INFO > Click "Vote Btn" control
2021-08-22 00:53:52.1344 TRACE - > Execute behavior ClickUsingClickMethodAttribute against "Vote Btn" control
2021-08-22 00:53:52.1491 TRACE - - > Find visible elements by CSS selector "#votebtn" in ChromeDriver
2021-08-22 00:53:57.1725 TRACE - - < Find visible elements by CSS selector "#votebtn" in ChromeDriver (5.022s) >> []
2021-08-22 00:53:57.1760 TRACE - < Execute behavior ClickUsingClickMethodAttribute against "Vote Btn" control (5.041s) >> OpenQA.Selenium.NoSuchElementException: Unable to locate visible "Vote Btn" control element...
2021-08-22 00:53:57.1773  INFO < Click "Vote Btn" control (5.046s) >> OpenQA.Selenium.NoSuchElementException: Unable to locate visible "Vote Btn" control element...
2021-08-22 00:53:57.2012 ERROR OpenQA.Selenium.NoSuchElementException : Unable to locate visible "Vote Btn" control element:
- By: CSS selector "#votebtn"
- Search options: {Visibility=Visible, Timeout=5s, RetryInterval=0.5s, IsSafely=False}
   at Atata.StrategyScopeLocatorExecutor.ResolveResult(ComponentScopeLocateResult result, ISearchContext scopeSource, ComponentScopeLocateOptions scopeLocateOptions, SearchOptions searchOptions)
   at Atata.StrategyScopeLocatorExecutor.Execute(StrategyScopeLocatorExecutionData executionData)
   at Atata.StrategyScopeLocator.GetElement(SearchOptions searchOptions, String xPathCondition)
   at Atata.UIComponent`1.OnGetScopeElement(SearchOptions searchOptions)
   at Atata.UIComponent.GetScopeElement(SearchOptions searchOptions)
   at Atata.UIComponent.get_Scope()
   at Atata.ClickUsingClickMethodAttribute.Execute[TOwner](IUIComponent`1 component)
   at Atata.Control`1.<>c__DisplayClass12_0.<OnClick>b__0()
   at Atata.LogManager.ExecuteSection(LogSection section, Action action)
   at Atata.Control`1.OnClick()
   at Atata.LogManager.ExecuteSection(LogSection section, Action action)
   at Atata.Control`1.Click()
   at Vote.Votes.SetUpFixture.SignIn() in C:\Workspace\Vote\Vote\Votes.cs:line 39
2021-08-22 00:53:57.2035  INFO Take screenshot #01 - Failed
2021-08-22 00:53:57.4895  INFO Screenshot saved to file "C:\Workspace\Vote\Vote\bin\Debug\netcoreapp3.1\artifacts\2021-08-22 00_53_48\Votes+SetUpFixture\SignIn\01 - Vote page - Failed.png"
2021-08-22 00:53:57.4918 ERROR OpenQA.Selenium.NoSuchElementException : Unable to locate visible "Vote Btn" control element:
- By: CSS selector "#votebtn"
- Search options: {Visibility=Visible, Timeout=5s, RetryInterval=0.5s, IsSafely=False}
   at Atata.StrategyScopeLocatorExecutor.ResolveResult(ComponentScopeLocateResult result, ISearchContext scopeSource, ComponentScopeLocateOptions scopeLocateOptions, SearchOptions searchOptions)
   at Atata.StrategyScopeLocatorExecutor.Execute(StrategyScopeLocatorExecutionData executionData)
   at Atata.StrategyScopeLocator.GetElement(SearchOptions searchOptions, String xPathCondition)
   at Atata.UIComponent`1.OnGetScopeElement(SearchOptions searchOptions)
   at Atata.UIComponent.GetScopeElement(SearchOptions searchOptions)
   at Atata.UIComponent.get_Scope()
   at Atata.ClickUsingClickMethodAttribute.Execute[TOwner](IUIComponent`1 component)
   at Atata.Control`1.<>c__DisplayClass12_0.<OnClick>b__0()
   at Atata.LogManager.ExecuteSection(LogSection section, Action action)
   at Atata.Control`1.OnClick()
   at Atata.LogManager.ExecuteSection(LogSection section, Action action)
   at Atata.Control`1.Click()
   at Vote.Votes.SetUpFixture.SignIn() in C:\Workspace\Vote\Vote\Votes.cs:line 39
2021-08-22 00:53:57.4925  INFO Take screenshot #02 - Failed
2021-08-22 00:53:57.7631  INFO Screenshot saved to file "C:\Workspace\Vote\Vote\bin\Debug\netcoreapp3.1\artifacts\2021-08-22 00_53_48\Votes+SetUpFixture\SignIn\02 - Vote page - Failed.png"
2021-08-22 00:53:57.7646  INFO > Clean up AtataContext
2021-08-22 00:53:57.9060  INFO < Clean up AtataContext (0.141s)
2021-08-22 00:53:57.9070  INFO Finished test (9.650s)
2021-08-22 00:53:57.9076  INFO Pure test execution time: 7.973s
