2021-08-22 01:05:15.4989  INFO Starting test: Vote.Votes+SetUpFixture.SignIn
2021-08-22 01:05:15.6514 TRACE > Set up AtataContext
2021-08-22 01:05:15.7067 TRACE - Use: "Atata.json" config
2021-08-22 01:05:15.7074 TRACE - Use: "Atata.local.json" config
2021-08-22 01:05:15.7078 TRACE - Set: BaseUrl=https://www.fusohero.com.tw/vote-content.php?id=67
2021-08-22 01:05:15.7089 TRACE - Set: ElementFindTimeout=5s; ElementFindRetryInterval=0.5s
2021-08-22 01:05:15.7096 TRACE - Set: WaitingTimeout=5s; WaitingRetryInterval=0.5s
2021-08-22 01:05:15.7103 TRACE - Set: VerificationTimeout=5s; VerificationRetryInterval=0.5s
2021-08-22 01:05:15.7110 TRACE - Set: Culture=en-US
2021-08-22 01:05:15.7118 TRACE - Set: Artifacts=C:\Workspace\Vote\Vote\bin\Debug\netcoreapp3.1\artifacts\2021-08-22 01_05_15\Votes+SetUpFixture\SignIn
2021-08-22 01:05:15.7188 TRACE - Set: DriverService=ChromeDriverService on port 58149
2021-08-22 01:05:16.3272 TRACE - Set: Driver=ChromeDriver (alias=chrome)
2021-08-22 01:05:16.3294 TRACE < Set up AtataContext (0.677s)
2021-08-22 01:05:16.3531  INFO Go to "Vote" page
2021-08-22 01:05:16.3727  INFO Go to URL "https://www.fusohero.com.tw/vote-content.php?id=67"
2021-08-22 01:05:19.2422  INFO > Click "Vote Btn" link
2021-08-22 01:05:19.2460 TRACE - > Execute behavior ClickUsingClickMethodAttribute against "Vote Btn" link
2021-08-22 01:05:19.2650 TRACE - - > Find visible element by XPath ".//*[normalize-space(@id) = '#votebtn']/descendant-or-self::a" in ChromeDriver
2021-08-22 01:05:24.2797 TRACE - - < Find visible element by XPath ".//*[normalize-space(@id) = '#votebtn']/descendant-or-self::a" in ChromeDriver (5.014s) >> OpenQA.Selenium.NoSuchElementException: Unable to locate visible element...
2021-08-22 01:05:24.2812 TRACE - < Execute behavior ClickUsingClickMethodAttribute against "Vote Btn" link (5.035s) >> OpenQA.Selenium.NoSuchElementException: Unable to locate visible element...
2021-08-22 01:05:24.2818  INFO < Click "Vote Btn" link (5.039s) >> OpenQA.Selenium.NoSuchElementException: Unable to locate visible element...
2021-08-22 01:05:24.3075 ERROR OpenQA.Selenium.NoSuchElementException : Unable to locate visible element:
- By: XPath ".//*[normalize-space(@id) = '#votebtn']/descendant-or-self::a"
- Search time: 5.01s
- Search options: {Visibility=Visible, Timeout=5s, RetryInterval=0.5s, IsSafely=False}
   at Atata.ExtendedSearchContext`1.Find(By by)
   at Atata.ExtendedSearchContext`1.FindElement(By by)
   at Atata.ISearchContextExtensions.Get[T](T searchContext, By by)
   at Atata.ISearchContextLoggingExtensions.<>c__DisplayClass0_0.<GetWithLogging>b__0()
   at Atata.LogManager.ExecuteSection[TResult](LogSection section, Func`1 function)
   at Atata.ISearchContextLoggingExtensions.GetWithLogging(ISearchContext searchContext, By by)
   at Atata.XPathComponentScopeFindResult.Get(String xPathCondition)
   at Atata.StrategyScopeLocator.<>c__DisplayClass3_0.<GetElement>b__0(XPathComponentScopeFindResult x)
   at System.Linq.Enumerable.SelectArrayIterator`2.MoveNext()
   at System.Linq.Enumerable.TryGetFirst[TSource](IEnumerable`1 source, Func`2 predicate, Boolean& found)
   at System.Linq.Enumerable.FirstOrDefault[TSource](IEnumerable`1 source, Func`2 predicate)
   at Atata.StrategyScopeLocator.GetElement(SearchOptions searchOptions, String xPathCondition)
   at Atata.UIComponent`1.OnGetScopeElement(SearchOptions searchOptions)
   at Atata.UIComponent.GetScopeElement(SearchOptions searchOptions)
   at Atata.UIComponent.get_Scope()
   at Atata.ClickUsingClickMethodAttribute.Execute[TOwner](IUIComponent`1 component)
   at Atata.Control`1.<>c__DisplayClass12_0.<OnClick>b__0()
   at Atata.LogManager.ExecuteSection(LogSection section, Action action)
   at Atata.Control`1.OnClick()
   at Atata.LogManager.ExecuteSection(LogSection section, Action action)
   at Atata.Control`1.Click()
   at Vote.Votes.SetUpFixture.SignIn() in C:\Workspace\Vote\Vote\Votes.cs:line 39
2021-08-22 01:05:24.3098  INFO Take screenshot #01 - Failed
2021-08-22 01:05:24.5329  INFO Screenshot saved to file "C:\Workspace\Vote\Vote\bin\Debug\netcoreapp3.1\artifacts\2021-08-22 01_05_15\Votes+SetUpFixture\SignIn\01 - Vote page - Failed.png"
2021-08-22 01:05:24.5352 ERROR OpenQA.Selenium.NoSuchElementException : Unable to locate visible element:
- By: XPath ".//*[normalize-space(@id) = '#votebtn']/descendant-or-self::a"
- Search time: 5.01s
- Search options: {Visibility=Visible, Timeout=5s, RetryInterval=0.5s, IsSafely=False}
   at Atata.ExtendedSearchContext`1.Find(By by)
   at Atata.ExtendedSearchContext`1.FindElement(By by)
   at Atata.ISearchContextExtensions.Get[T](T searchContext, By by)
   at Atata.ISearchContextLoggingExtensions.<>c__DisplayClass0_0.<GetWithLogging>b__0()
   at Atata.LogManager.ExecuteSection[TResult](LogSection section, Func`1 function)
   at Atata.ISearchContextLoggingExtensions.GetWithLogging(ISearchContext searchContext, By by)
   at Atata.XPathComponentScopeFindResult.Get(String xPathCondition)
   at Atata.StrategyScopeLocator.<>c__DisplayClass3_0.<GetElement>b__0(XPathComponentScopeFindResult x)
   at System.Linq.Enumerable.SelectArrayIterator`2.MoveNext()
   at System.Linq.Enumerable.TryGetFirst[TSource](IEnumerable`1 source, Func`2 predicate, Boolean& found)
   at System.Linq.Enumerable.FirstOrDefault[TSource](IEnumerable`1 source, Func`2 predicate)
   at Atata.StrategyScopeLocator.GetElement(SearchOptions searchOptions, String xPathCondition)
   at Atata.UIComponent`1.OnGetScopeElement(SearchOptions searchOptions)
   at Atata.UIComponent.GetScopeElement(SearchOptions searchOptions)
   at Atata.UIComponent.get_Scope()
   at Atata.ClickUsingClickMethodAttribute.Execute[TOwner](IUIComponent`1 component)
   at Atata.Control`1.<>c__DisplayClass12_0.<OnClick>b__0()
   at Atata.LogManager.ExecuteSection(LogSection section, Action action)
   at Atata.Control`1.OnClick()
   at Atata.LogManager.ExecuteSection(LogSection section, Action action)
   at Atata.Control`1.Click()
   at Vote.Votes.SetUpFixture.SignIn() in C:\Workspace\Vote\Vote\Votes.cs:line 39
2021-08-22 01:05:24.5358  INFO Take screenshot #02 - Failed
2021-08-22 01:05:24.7473  INFO Screenshot saved to file "C:\Workspace\Vote\Vote\bin\Debug\netcoreapp3.1\artifacts\2021-08-22 01_05_15\Votes+SetUpFixture\SignIn\02 - Vote page - Failed.png"
2021-08-22 01:05:24.7485  INFO > Clean up AtataContext
2021-08-22 01:05:24.8702  INFO < Clean up AtataContext (0.121s)
2021-08-22 01:05:24.8713  INFO Finished test (9.431s)
2021-08-22 01:05:24.8719  INFO Pure test execution time: 7.968s
