2021-08-22 00:55:28.9800  INFO Starting test: Vote.Votes+SetUpFixture.SignIn
2021-08-22 00:55:29.1277 TRACE > Set up AtataContext
2021-08-22 00:55:29.1789 TRACE - Use: "Atata.json" config
2021-08-22 00:55:29.1803 TRACE - Use: "Atata.local.json" config
2021-08-22 00:55:29.1809 TRACE - Set: BaseUrl=https://www.fusohero.com.tw/vote-content.php?id=67
2021-08-22 00:55:29.1822 TRACE - Set: ElementFindTimeout=5s; ElementFindRetryInterval=0.5s
2021-08-22 00:55:29.1828 TRACE - Set: WaitingTimeout=5s; WaitingRetryInterval=0.5s
2021-08-22 00:55:29.1835 TRACE - Set: VerificationTimeout=5s; VerificationRetryInterval=0.5s
2021-08-22 00:55:29.1841 TRACE - Set: Culture=en-US
2021-08-22 00:55:29.1848 TRACE - Set: Artifacts=C:\Workspace\Vote\Vote\bin\Debug\netcoreapp3.1\artifacts\2021-08-22 00_55_28\Votes+SetUpFixture\SignIn
2021-08-22 00:55:29.1904 TRACE - Set: DriverService=ChromeDriverService on port 60715
2021-08-22 00:55:29.8651 TRACE - Set: Driver=ChromeDriver (alias=chrome)
2021-08-22 00:55:29.8683 TRACE < Set up AtataContext (0.739s)
2021-08-22 00:55:29.8904  INFO Go to "Vote" page
2021-08-22 00:55:29.9095  INFO Go to URL "https://www.fusohero.com.tw/vote-content.php?id=67"
2021-08-22 00:55:32.7762  INFO > Click "Vote Btn" control
2021-08-22 00:55:32.7796 TRACE - > Execute behavior ClickUsingClickMethodAttribute against "Vote Btn" control
2021-08-22 00:55:32.7976 TRACE - - > Find visible element by XPath ".//*[normalize-space(@id) = 'votebtn']/descendant-or-self::*" in ChromeDriver
2021-08-22 00:55:37.8188 TRACE - - < Find visible element by XPath ".//*[normalize-space(@id) = 'votebtn']/descendant-or-self::*" in ChromeDriver (5.020s) >> OpenQA.Selenium.NoSuchElementException: Unable to locate visible element...
2021-08-22 00:55:37.8203 TRACE - < Execute behavior ClickUsingClickMethodAttribute against "Vote Btn" control (5.040s) >> OpenQA.Selenium.NoSuchElementException: Unable to locate visible element...
2021-08-22 00:55:37.8214  INFO < Click "Vote Btn" control (5.045s) >> OpenQA.Selenium.NoSuchElementException: Unable to locate visible element...
2021-08-22 00:55:37.8498 ERROR OpenQA.Selenium.NoSuchElementException : Unable to locate visible element:
- By: XPath ".//*[normalize-space(@id) = 'votebtn']/descendant-or-self::*"
- Search time: 5.016s
- Search options: {Visibility=Visible, Timeout=5s, RetryInterval=0.5s, IsSafely=False}
   at Atata.ExtendedSearchContext`1.Find(By by)
   at Atata.ExtendedSearchContext`1.FindElement(By by)
   at Atata.ISearchContextExtensions.Get[T](T searchContext, By by)
   at Atata.ISearchContextLoggingExtensions.<>c__DisplayClass0_0.<GetWithLogging>b__0()
   at Atata.LogManager.ExecuteSection[TResult](LogSection section, Func`1 function)
   at Atata.ISearchContextLoggingExtensions.GetWithLogging(ISearchContext searchContext, By by)
   at Atata.XPathComponentScopeFindResult.Get(String xPathCondition)
   at Atata.StrategyScopeLocator.<>c__DisplayClass3_0.<GetElement>b__0(XPathComponentScopeFindResult x)
   at System.Linq.Enumerable.SelectArrayIterator`2.MoveNext()
   at System.Linq.Enumerable.TryGetFirst[TSource](IEnumerable`1 source, Func`2 predicate, Boolean& found)
   at System.Linq.Enumerable.FirstOrDefault[TSource](IEnumerable`1 source, Func`2 predicate)
   at Atata.StrategyScopeLocator.GetElement(SearchOptions searchOptions, String xPathCondition)
   at Atata.UIComponent`1.OnGetScopeElement(SearchOptions searchOptions)
   at Atata.UIComponent.GetScopeElement(SearchOptions searchOptions)
   at Atata.UIComponent.get_Scope()
   at Atata.ClickUsingClickMethodAttribute.Execute[TOwner](IUIComponent`1 component)
   at Atata.Control`1.<>c__DisplayClass12_0.<OnClick>b__0()
   at Atata.LogManager.ExecuteSection(LogSection section, Action action)
   at Atata.Control`1.OnClick()
   at Atata.LogManager.ExecuteSection(LogSection section, Action action)
   at Atata.Control`1.Click()
   at Vote.Votes.SetUpFixture.SignIn() in C:\Workspace\Vote\Vote\Votes.cs:line 39
2021-08-22 00:55:37.8528  INFO Take screenshot #01 - Failed
2021-08-22 00:55:38.1593  INFO Screenshot saved to file "C:\Workspace\Vote\Vote\bin\Debug\netcoreapp3.1\artifacts\2021-08-22 00_55_28\Votes+SetUpFixture\SignIn\01 - Vote page - Failed.png"
2021-08-22 00:55:38.1619 ERROR OpenQA.Selenium.NoSuchElementException : Unable to locate visible element:
- By: XPath ".//*[normalize-space(@id) = 'votebtn']/descendant-or-self::*"
- Search time: 5.016s
- Search options: {Visibility=Visible, Timeout=5s, RetryInterval=0.5s, IsSafely=False}
   at Atata.ExtendedSearchContext`1.Find(By by)
   at Atata.ExtendedSearchContext`1.FindElement(By by)
   at Atata.ISearchContextExtensions.Get[T](T searchContext, By by)
   at Atata.ISearchContextLoggingExtensions.<>c__DisplayClass0_0.<GetWithLogging>b__0()
   at Atata.LogManager.ExecuteSection[TResult](LogSection section, Func`1 function)
   at Atata.ISearchContextLoggingExtensions.GetWithLogging(ISearchContext searchContext, By by)
   at Atata.XPathComponentScopeFindResult.Get(String xPathCondition)
   at Atata.StrategyScopeLocator.<>c__DisplayClass3_0.<GetElement>b__0(XPathComponentScopeFindResult x)
   at System.Linq.Enumerable.SelectArrayIterator`2.MoveNext()
   at System.Linq.Enumerable.TryGetFirst[TSource](IEnumerable`1 source, Func`2 predicate, Boolean& found)
   at System.Linq.Enumerable.FirstOrDefault[TSource](IEnumerable`1 source, Func`2 predicate)
   at Atata.StrategyScopeLocator.GetElement(SearchOptions searchOptions, String xPathCondition)
   at Atata.UIComponent`1.OnGetScopeElement(SearchOptions searchOptions)
   at Atata.UIComponent.GetScopeElement(SearchOptions searchOptions)
   at Atata.UIComponent.get_Scope()
   at Atata.ClickUsingClickMethodAttribute.Execute[TOwner](IUIComponent`1 component)
   at Atata.Control`1.<>c__DisplayClass12_0.<OnClick>b__0()
   at Atata.LogManager.ExecuteSection(LogSection section, Action action)
   at Atata.Control`1.OnClick()
   at Atata.LogManager.ExecuteSection(LogSection section, Action action)
   at Atata.Control`1.Click()
   at Vote.Votes.SetUpFixture.SignIn() in C:\Workspace\Vote\Vote\Votes.cs:line 39
2021-08-22 00:55:38.1627  INFO Take screenshot #02 - Failed
2021-08-22 00:55:38.4364  INFO Screenshot saved to file "C:\Workspace\Vote\Vote\bin\Debug\netcoreapp3.1\artifacts\2021-08-22 00_55_28\Votes+SetUpFixture\SignIn\02 - Vote page - Failed.png"
2021-08-22 00:55:38.4381  INFO > Clean up AtataContext
2021-08-22 00:55:38.5660  INFO < Clean up AtataContext (0.127s)
2021-08-22 00:55:38.5670  INFO Finished test (9.645s)
2021-08-22 00:55:38.5676  INFO Pure test execution time: 7.970s
