2021-08-22 01:31:27.1277  INFO Starting test: Vote.Votes+SetUpFixture.SignIn
2021-08-22 01:31:27.2752 TRACE > Set up AtataContext
2021-08-22 01:31:27.3278 TRACE - Use: "Atata.json" config
2021-08-22 01:31:27.3286 TRACE - Use: "Atata.local.json" config
2021-08-22 01:31:27.3292 TRACE - Set: BaseUrl=https://www.fusohero.com.tw/vote-content.php?id=67
2021-08-22 01:31:27.3303 TRACE - Set: ElementFindTimeout=5s; ElementFindRetryInterval=0.5s
2021-08-22 01:31:27.3309 TRACE - Set: WaitingTimeout=5s; WaitingRetryInterval=0.5s
2021-08-22 01:31:27.3318 TRACE - Set: VerificationTimeout=5s; VerificationRetryInterval=0.5s
2021-08-22 01:31:27.3326 TRACE - Set: Culture=en-US
2021-08-22 01:31:27.3334 TRACE - Set: Artifacts=C:\Workspace\Vote\Vote\bin\Debug\netcoreapp3.1\artifacts\2021-08-22 01_31_27\Votes+SetUpFixture\SignIn
2021-08-22 01:31:27.3413 TRACE - Set: DriverService=ChromeDriverService on port 56145
2021-08-22 01:31:28.0108 TRACE - Set: Driver=ChromeDriver (alias=chrome)
2021-08-22 01:31:28.0129 TRACE < Set up AtataContext (0.737s)
2021-08-22 01:31:28.0356  INFO Go to "Vote" page
2021-08-22 01:31:28.0544  INFO Go to URL "https://www.fusohero.com.tw/vote-content.php?id=67"
2021-08-22 01:31:30.9019  INFO > Click "Vote Btn" link
2021-08-22 01:31:30.9055 TRACE - > Execute behavior ClickUsingClickMethodAttribute against "Vote Btn" link
2021-08-22 01:31:30.9242 TRACE - - > Find visible element by XPath ".//*[normalize-space(@id) = 'vote-btn']/descendant-or-self::a" in ChromeDriver
2021-08-22 01:31:35.9503 TRACE - - < Find visible element by XPath ".//*[normalize-space(@id) = 'vote-btn']/descendant-or-self::a" in ChromeDriver (5.025s) >> OpenQA.Selenium.NoSuchElementException: Unable to locate visible element...
2021-08-22 01:31:35.9516 TRACE - < Execute behavior ClickUsingClickMethodAttribute against "Vote Btn" link (5.046s) >> OpenQA.Selenium.NoSuchElementException: Unable to locate visible element...
2021-08-22 01:31:35.9523  INFO < Click "Vote Btn" link (5.050s) >> OpenQA.Selenium.NoSuchElementException: Unable to locate visible element...
2021-08-22 01:31:35.9760 ERROR OpenQA.Selenium.NoSuchElementException : Unable to locate visible element:
- By: XPath ".//*[normalize-space(@id) = 'vote-btn']/descendant-or-self::a"
- Search time: 5.022s
- Search options: {Visibility=Visible, Timeout=5s, RetryInterval=0.5s, IsSafely=False}
   at Atata.ExtendedSearchContext`1.Find(By by)
   at Atata.ExtendedSearchContext`1.FindElement(By by)
   at Atata.ISearchContextExtensions.Get[T](T searchContext, By by)
   at Atata.ISearchContextLoggingExtensions.<>c__DisplayClass0_0.<GetWithLogging>b__0()
   at Atata.LogManager.ExecuteSection[TResult](LogSection section, Func`1 function)
   at Atata.ISearchContextLoggingExtensions.GetWithLogging(ISearchContext searchContext, By by)
   at Atata.XPathComponentScopeFindResult.Get(String xPathCondition)
   at Atata.StrategyScopeLocator.<>c__DisplayClass3_0.<GetElement>b__0(XPathComponentScopeFindResult x)
   at System.Linq.Enumerable.SelectArrayIterator`2.MoveNext()
   at System.Linq.Enumerable.TryGetFirst[TSource](IEnumerable`1 source, Func`2 predicate, Boolean& found)
   at System.Linq.Enumerable.FirstOrDefault[TSource](IEnumerable`1 source, Func`2 predicate)
   at Atata.StrategyScopeLocator.GetElement(SearchOptions searchOptions, String xPathCondition)
   at Atata.UIComponent`1.OnGetScopeElement(SearchOptions searchOptions)
   at Atata.UIComponent.GetScopeElement(SearchOptions searchOptions)
   at Atata.UIComponent.get_Scope()
   at Atata.ClickUsingClickMethodAttribute.Execute[TOwner](IUIComponent`1 component)
   at Atata.Control`1.<>c__DisplayClass12_0.<OnClick>b__0()
   at Atata.LogManager.ExecuteSection(LogSection section, Action action)
   at Atata.Control`1.OnClick()
   at Atata.LogManager.ExecuteSection(LogSection section, Action action)
   at Atata.Control`1.Click()
   at Vote.Votes.SetUpFixture.SignIn() in C:\Workspace\Vote\Vote\Votes.cs:line 39
2021-08-22 01:31:35.9785  INFO Take screenshot #01 - Failed
2021-08-22 01:31:36.2672  INFO Screenshot saved to file "C:\Workspace\Vote\Vote\bin\Debug\netcoreapp3.1\artifacts\2021-08-22 01_31_27\Votes+SetUpFixture\SignIn\01 - Vote page - Failed.png"
2021-08-22 01:31:36.2693 ERROR OpenQA.Selenium.NoSuchElementException : Unable to locate visible element:
- By: XPath ".//*[normalize-space(@id) = 'vote-btn']/descendant-or-self::a"
- Search time: 5.022s
- Search options: {Visibility=Visible, Timeout=5s, RetryInterval=0.5s, IsSafely=False}
   at Atata.ExtendedSearchContext`1.Find(By by)
   at Atata.ExtendedSearchContext`1.FindElement(By by)
   at Atata.ISearchContextExtensions.Get[T](T searchContext, By by)
   at Atata.ISearchContextLoggingExtensions.<>c__DisplayClass0_0.<GetWithLogging>b__0()
   at Atata.LogManager.ExecuteSection[TResult](LogSection section, Func`1 function)
   at Atata.ISearchContextLoggingExtensions.GetWithLogging(ISearchContext searchContext, By by)
   at Atata.XPathComponentScopeFindResult.Get(String xPathCondition)
   at Atata.StrategyScopeLocator.<>c__DisplayClass3_0.<GetElement>b__0(XPathComponentScopeFindResult x)
   at System.Linq.Enumerable.SelectArrayIterator`2.MoveNext()
   at System.Linq.Enumerable.TryGetFirst[TSource](IEnumerable`1 source, Func`2 predicate, Boolean& found)
   at System.Linq.Enumerable.FirstOrDefault[TSource](IEnumerable`1 source, Func`2 predicate)
   at Atata.StrategyScopeLocator.GetElement(SearchOptions searchOptions, String xPathCondition)
   at Atata.UIComponent`1.OnGetScopeElement(SearchOptions searchOptions)
   at Atata.UIComponent.GetScopeElement(SearchOptions searchOptions)
   at Atata.UIComponent.get_Scope()
   at Atata.ClickUsingClickMethodAttribute.Execute[TOwner](IUIComponent`1 component)
   at Atata.Control`1.<>c__DisplayClass12_0.<OnClick>b__0()
   at Atata.LogManager.ExecuteSection(LogSection section, Action action)
   at Atata.Control`1.OnClick()
   at Atata.LogManager.ExecuteSection(LogSection section, Action action)
   at Atata.Control`1.Click()
   at Vote.Votes.SetUpFixture.SignIn() in C:\Workspace\Vote\Vote\Votes.cs:line 39
2021-08-22 01:31:36.2699  INFO Take screenshot #02 - Failed
2021-08-22 01:31:36.5477  INFO Screenshot saved to file "C:\Workspace\Vote\Vote\bin\Debug\netcoreapp3.1\artifacts\2021-08-22 01_31_27\Votes+SetUpFixture\SignIn\02 - Vote page - Failed.png"
2021-08-22 01:31:36.5496  INFO > Clean up AtataContext
2021-08-22 01:31:36.6834  INFO < Clean up AtataContext (0.133s)
2021-08-22 01:31:36.6847  INFO Finished test (9.616s)
2021-08-22 01:31:36.6854  INFO Pure test execution time: 7.954s
