2021-08-22 01:36:09.0196  INFO Starting test: Vote.Votes+SetUpFixture.SignIn
2021-08-22 01:36:09.1688 TRACE > Set up AtataContext
2021-08-22 01:36:09.2186 TRACE - Use: "Atata.json" config
2021-08-22 01:36:09.2194 TRACE - Use: "Atata.local.json" config
2021-08-22 01:36:09.2199 TRACE - Set: BaseUrl=https://www.fusohero.com.tw/vote-content.php?id=67
2021-08-22 01:36:09.2210 TRACE - Set: ElementFindTimeout=5s; ElementFindRetryInterval=0.5s
2021-08-22 01:36:09.2216 TRACE - Set: WaitingTimeout=5s; WaitingRetryInterval=0.5s
2021-08-22 01:36:09.2223 TRACE - Set: VerificationTimeout=5s; VerificationRetryInterval=0.5s
2021-08-22 01:36:09.2230 TRACE - Set: Culture=en-US
2021-08-22 01:36:09.2239 TRACE - Set: Artifacts=C:\Workspace\Vote\Vote\bin\Debug\netcoreapp3.1\artifacts\2021-08-22 01_36_09\Votes+SetUpFixture\SignIn
2021-08-22 01:36:09.2296 TRACE - Set: DriverService=ChromeDriverService on port 52589
2021-08-22 01:36:09.9094 TRACE - Set: Driver=ChromeDriver (alias=chrome)
2021-08-22 01:36:09.9115 TRACE < Set up AtataContext (0.742s)
2021-08-22 01:36:09.9341  INFO Go to "Vote" page
2021-08-22 01:36:09.9541  INFO Go to URL "https://www.fusohero.com.tw/vote-content.php?id=67"
2021-08-22 01:36:12.8767  INFO > Click "Vote Btn" link
2021-08-22 01:36:12.8800 TRACE - > Execute behavior ClickUsingClickMethodAttribute against "Vote Btn" link
2021-08-22 01:36:12.8990 TRACE - - > Find visible element by XPath ".//a[normalize-space(.) = 'Vote Btn']" in ChromeDriver
2021-08-22 01:36:17.9252 TRACE - - < Find visible element by XPath ".//a[normalize-space(.) = 'Vote Btn']" in ChromeDriver (5.025s) >> OpenQA.Selenium.NoSuchElementException: Unable to locate visible element...
2021-08-22 01:36:17.9268 TRACE - < Execute behavior ClickUsingClickMethodAttribute against "Vote Btn" link (5.046s) >> OpenQA.Selenium.NoSuchElementException: Unable to locate visible element...
2021-08-22 01:36:17.9276  INFO < Click "Vote Btn" link (5.050s) >> OpenQA.Selenium.NoSuchElementException: Unable to locate visible element...
2021-08-22 01:36:17.9515 ERROR OpenQA.Selenium.NoSuchElementException : Unable to locate visible element:
- By: XPath ".//a[normalize-space(.) = 'Vote Btn']"
- Search time: 5.022s
- Search options: {Visibility=Visible, Timeout=5s, RetryInterval=0.5s, IsSafely=False}
   at Atata.ExtendedSearchContext`1.Find(By by)
   at Atata.ExtendedSearchContext`1.FindElement(By by)
   at Atata.ISearchContextExtensions.Get[T](T searchContext, By by)
   at Atata.ISearchContextLoggingExtensions.<>c__DisplayClass0_0.<GetWithLogging>b__0()
   at Atata.LogManager.ExecuteSection[TResult](LogSection section, Func`1 function)
   at Atata.ISearchContextLoggingExtensions.GetWithLogging(ISearchContext searchContext, By by)
   at Atata.XPathComponentScopeFindResult.Get(String xPathCondition)
   at Atata.StrategyScopeLocator.<>c__DisplayClass3_0.<GetElement>b__0(XPathComponentScopeFindResult x)
   at System.Linq.Enumerable.SelectArrayIterator`2.MoveNext()
   at System.Linq.Enumerable.TryGetFirst[TSource](IEnumerable`1 source, Func`2 predicate, Boolean& found)
   at System.Linq.Enumerable.FirstOrDefault[TSource](IEnumerable`1 source, Func`2 predicate)
   at Atata.StrategyScopeLocator.GetElement(SearchOptions searchOptions, String xPathCondition)
   at Atata.UIComponent`1.OnGetScopeElement(SearchOptions searchOptions)
   at Atata.UIComponent.GetScopeElement(SearchOptions searchOptions)
   at Atata.UIComponent.get_Scope()
   at Atata.ClickUsingClickMethodAttribute.Execute[TOwner](IUIComponent`1 component)
   at Atata.Control`1.<>c__DisplayClass12_0.<OnClick>b__0()
   at Atata.LogManager.ExecuteSection(LogSection section, Action action)
   at Atata.Control`1.OnClick()
   at Atata.LogManager.ExecuteSection(LogSection section, Action action)
   at Atata.Control`1.Click()
   at Vote.Votes.SetUpFixture.SignIn() in C:\Workspace\Vote\Vote\Votes.cs:line 39
2021-08-22 01:36:17.9544  INFO Take screenshot #01 - Failed
2021-08-22 01:36:18.1844  INFO Screenshot saved to file "C:\Workspace\Vote\Vote\bin\Debug\netcoreapp3.1\artifacts\2021-08-22 01_36_09\Votes+SetUpFixture\SignIn\01 - Vote page - Failed.png"
2021-08-22 01:36:18.1871 ERROR OpenQA.Selenium.NoSuchElementException : Unable to locate visible element:
- By: XPath ".//a[normalize-space(.) = 'Vote Btn']"
- Search time: 5.022s
- Search options: {Visibility=Visible, Timeout=5s, RetryInterval=0.5s, IsSafely=False}
   at Atata.ExtendedSearchContext`1.Find(By by)
   at Atata.ExtendedSearchContext`1.FindElement(By by)
   at Atata.ISearchContextExtensions.Get[T](T searchContext, By by)
   at Atata.ISearchContextLoggingExtensions.<>c__DisplayClass0_0.<GetWithLogging>b__0()
   at Atata.LogManager.ExecuteSection[TResult](LogSection section, Func`1 function)
   at Atata.ISearchContextLoggingExtensions.GetWithLogging(ISearchContext searchContext, By by)
   at Atata.XPathComponentScopeFindResult.Get(String xPathCondition)
   at Atata.StrategyScopeLocator.<>c__DisplayClass3_0.<GetElement>b__0(XPathComponentScopeFindResult x)
   at System.Linq.Enumerable.SelectArrayIterator`2.MoveNext()
   at System.Linq.Enumerable.TryGetFirst[TSource](IEnumerable`1 source, Func`2 predicate, Boolean& found)
   at System.Linq.Enumerable.FirstOrDefault[TSource](IEnumerable`1 source, Func`2 predicate)
   at Atata.StrategyScopeLocator.GetElement(SearchOptions searchOptions, String xPathCondition)
   at Atata.UIComponent`1.OnGetScopeElement(SearchOptions searchOptions)
   at Atata.UIComponent.GetScopeElement(SearchOptions searchOptions)
   at Atata.UIComponent.get_Scope()
   at Atata.ClickUsingClickMethodAttribute.Execute[TOwner](IUIComponent`1 component)
   at Atata.Control`1.<>c__DisplayClass12_0.<OnClick>b__0()
   at Atata.LogManager.ExecuteSection(LogSection section, Action action)
   at Atata.Control`1.OnClick()
   at Atata.LogManager.ExecuteSection(LogSection section, Action action)
   at Atata.Control`1.Click()
   at Vote.Votes.SetUpFixture.SignIn() in C:\Workspace\Vote\Vote\Votes.cs:line 39
2021-08-22 01:36:18.1879  INFO Take screenshot #02 - Failed
2021-08-22 01:36:18.4054  INFO Screenshot saved to file "C:\Workspace\Vote\Vote\bin\Debug\netcoreapp3.1\artifacts\2021-08-22 01_36_09\Votes+SetUpFixture\SignIn\02 - Vote page - Failed.png"
2021-08-22 01:36:18.4075  INFO > Clean up AtataContext
2021-08-22 01:36:18.5460  INFO < Clean up AtataContext (0.138s)
2021-08-22 01:36:18.5472  INFO Finished test (9.583s)
2021-08-22 01:36:18.5480  INFO Pure test execution time: 8.031s
