2021-08-22 00:43:36.1093  INFO Starting test: Vote.Votes+SetUpFixture.SignIn
2021-08-22 00:43:36.2562 TRACE > Set up AtataContext
2021-08-22 00:43:36.3122 TRACE - Use: "Atata.json" config
2021-08-22 00:43:36.3128 TRACE - Use: "Atata.local.json" config
2021-08-22 00:43:36.3132 TRACE - Set: BaseUrl=https://atata.io/
2021-08-22 00:43:36.3143 TRACE - Set: ElementFindTimeout=5s; ElementFindRetryInterval=0.5s
2021-08-22 00:43:36.3148 TRACE - Set: WaitingTimeout=5s; WaitingRetryInterval=0.5s
2021-08-22 00:43:36.3153 TRACE - Set: VerificationTimeout=5s; VerificationRetryInterval=0.5s
2021-08-22 00:43:36.3159 TRACE - Set: Culture=en-US
2021-08-22 00:43:36.3166 TRACE - Set: Artifacts=C:\Workspace\Vote\Vote\bin\Debug\netcoreapp3.1\artifacts\2021-08-22 00_43_36\Votes+SetUpFixture\SignIn
2021-08-22 00:43:36.3264 TRACE - Set: DriverService=ChromeDriverService on port 62757
2021-08-22 00:43:37.0016 TRACE - Set: Driver=ChromeDriver (alias=chrome)
2021-08-22 00:43:37.0035 TRACE < Set up AtataContext (0.746s)
2021-08-22 00:43:37.0269  INFO Go to "Vote" page
2021-08-22 00:43:37.0454  INFO Go to URL "https://atata.io/"
2021-08-22 00:43:37.9437  INFO > Click "Vote Btn" control
2021-08-22 00:43:37.9468 TRACE - > Execute behavior ClickUsingClickMethodAttribute against "Vote Btn" control
2021-08-22 00:43:37.9612 TRACE - - > Find visible elements by CSS selector "#votebtn" in ChromeDriver
2021-08-22 00:43:53.1791 TRACE - - < Find visible elements by CSS selector "#votebtn" in ChromeDriver (15.217s) >> OpenQA.Selenium.WebDriverException: chrome not reachable
  (Session info: chrome=92.0.4515.159)
2021-08-22 00:43:53.1807 TRACE - < Execute behavior ClickUsingClickMethodAttribute against "Vote Btn" control (15.233s) >> OpenQA.Selenium.WebDriverException: chrome not reachable
  (Session info: chrome=92.0.4515.159)
2021-08-22 00:43:53.1815  INFO < Click "Vote Btn" control (15.237s) >> OpenQA.Selenium.WebDriverException: chrome not reachable
  (Session info: chrome=92.0.4515.159)
2021-08-22 00:43:53.2042 ERROR OpenQA.Selenium.WebDriverException : chrome not reachable
  (Session info: chrome=92.0.4515.159)
   at OpenQA.Selenium.Remote.RemoteWebDriver.UnpackAndThrowOnError(Response errorResponse)
   at OpenQA.Selenium.Remote.RemoteWebDriver.Execute(String driverCommandToExecute, Dictionary`2 parameters)
   at OpenQA.Selenium.Remote.RemoteWebDriver.FindElements(String mechanism, String value)
   at OpenQA.Selenium.Remote.RemoteWebDriver.FindElementsByCssSelector(String cssSelector)
   at OpenQA.Selenium.By.<>c__DisplayClass23_0.<CssSelector>b__1(ISearchContext context)
   at OpenQA.Selenium.By.FindElements(ISearchContext context)
   at Atata.ExtendedBy.FindElements(ISearchContext context)
   at OpenQA.Selenium.Remote.RemoteWebDriver.FindElements(By by)
   at Atata.ExtendedSearchContext`1.<>c__DisplayClass35_0.<FindAll>b__1(T x)
   at Atata.SafeWait`1.Until[TResult](Func`2 condition)
   at Atata.ExtendedSearchContext`1.Until[TResult](Func`2 condition, RetryOptions options)
   at Atata.ExtendedSearchContext`1.FindAll(By by, SearchOptions options)
   at Atata.ExtendedSearchContext`1.FindElements(By by)
   at Atata.ISearchContextExtensions.GetAll[T](T searchContext, By by)
   at Atata.ISearchContextLoggingExtensions.<>c__DisplayClass1_0.<GetAllWithLogging>b__0()
   at Atata.LogManager.ExecuteSection[TResult](LogSection section, Func`1 function)
   at Atata.ISearchContextLoggingExtensions.GetAllWithLogging(ISearchContext searchContext, By by)
   at Atata.StrategyScopeLocatorExecutor.ResolveResult(ComponentScopeLocateResult result, ISearchContext scopeSource, ComponentScopeLocateOptions scopeLocateOptions, SearchOptions searchOptions)
   at Atata.StrategyScopeLocatorExecutor.Execute(StrategyScopeLocatorExecutionData executionData)
   at Atata.StrategyScopeLocator.GetElement(SearchOptions searchOptions, String xPathCondition)
   at Atata.UIComponent`1.OnGetScopeElement(SearchOptions searchOptions)
   at Atata.UIComponent.GetScopeElement(SearchOptions searchOptions)
   at Atata.UIComponent.get_Scope()
   at Atata.ClickUsingClickMethodAttribute.Execute[TOwner](IUIComponent`1 component)
   at Atata.Control`1.<>c__DisplayClass12_0.<OnClick>b__0()
   at Atata.LogManager.ExecuteSection(LogSection section, Action action)
   at Atata.Control`1.OnClick()
   at Atata.LogManager.ExecuteSection(LogSection section, Action action)
   at Atata.Control`1.Click()
   at Vote.Votes.SetUpFixture.SignIn() in C:\Workspace\Vote\Vote\Votes.cs:line 38
2021-08-22 00:43:53.2064  INFO Take screenshot #01 - Failed
2021-08-22 00:44:05.3813 ERROR Screenshot failed OpenQA.Selenium.WebDriverException: chrome not reachable
  (Session info: chrome=92.0.4515.159)
   at OpenQA.Selenium.Remote.RemoteWebDriver.UnpackAndThrowOnError(Response errorResponse)
   at OpenQA.Selenium.Remote.RemoteWebDriver.Execute(String driverCommandToExecute, Dictionary`2 parameters)
   at OpenQA.Selenium.Remote.RemoteWebDriver.GetScreenshot()
   at Atata.LogManager.Screenshot(String title)
2021-08-22 00:44:05.3861  INFO > Clean up AtataContext
2021-08-22 00:44:05.4261  INFO < Clean up AtataContext (0.039s)
2021-08-22 00:44:05.4275  INFO Finished test (29.376s)
2021-08-22 00:44:05.4281  INFO Pure test execution time: 16.192s
