2021-08-22 01:18:01.0245  INFO Starting test: Vote.Votes+SetUpFixture.SignIn
2021-08-22 01:18:01.1891 TRACE > Set up AtataContext
2021-08-22 01:18:01.2435 TRACE - Use: "Atata.json" config
2021-08-22 01:18:01.2447 TRACE - Use: "Atata.local.json" config
2021-08-22 01:18:01.2455 TRACE - Set: BaseUrl=https://www.fusohero.com.tw/vote-content.php?id=67
2021-08-22 01:18:01.2470 TRACE - Set: ElementFindTimeout=5s; ElementFindRetryInterval=0.5s
2021-08-22 01:18:01.2476 TRACE - Set: WaitingTimeout=5s; WaitingRetryInterval=0.5s
2021-08-22 01:18:01.2483 TRACE - Set: VerificationTimeout=5s; VerificationRetryInterval=0.5s
2021-08-22 01:18:01.2491 TRACE - Set: Culture=en-US
2021-08-22 01:18:01.2499 TRACE - Set: Artifacts=C:\Workspace\Vote\Vote\bin\Debug\netcoreapp3.1\artifacts\2021-08-22 01_18_01\Votes+SetUpFixture\SignIn
2021-08-22 01:18:01.2591 TRACE - Set: DriverService=ChromeDriverService on port 65456
2021-08-22 01:18:02.0083 TRACE - Set: Driver=ChromeDriver (alias=chrome)
2021-08-22 01:18:02.0108 TRACE < Set up AtataContext (0.821s)
2021-08-22 01:18:02.0352  INFO Go to "Vote" page
2021-08-22 01:18:02.0557  INFO Go to URL "https://www.fusohero.com.tw/vote-content.php?id=67"
2021-08-22 01:18:04.9141  INFO > Click "Vote Btn" link
2021-08-22 01:18:04.9177 TRACE - > Execute behavior ClickUsingClickMethodAttribute against "Vote Btn" link
2021-08-22 01:18:04.9385 TRACE - - > Find visible element by XPath ".//a[normalize-space(.) = 'votebtn']" in ChromeDriver
2021-08-22 01:18:09.9698 TRACE - - < Find visible element by XPath ".//a[normalize-space(.) = 'votebtn']" in ChromeDriver (5.031s) >> OpenQA.Selenium.NoSuchElementException: Unable to locate visible element...
2021-08-22 01:18:09.9713 TRACE - < Execute behavior ClickUsingClickMethodAttribute against "Vote Btn" link (5.053s) >> OpenQA.Selenium.NoSuchElementException: Unable to locate visible element...
