2021-08-22 01:27:47.2367  INFO Starting test: Vote.Votes+SetUpFixture.SignIn
2021-08-22 01:27:47.3866 TRACE > Set up AtataContext
2021-08-22 01:27:47.4378 TRACE - Use: "Atata.json" config
2021-08-22 01:27:47.4385 TRACE - Use: "Atata.local.json" config
2021-08-22 01:27:47.4390 TRACE - Set: BaseUrl=https://www.fusohero.com.tw/vote-content.php?id=67
2021-08-22 01:27:47.4401 TRACE - Set: ElementFindTimeout=5s; ElementFindRetryInterval=0.5s
2021-08-22 01:27:47.4406 TRACE - Set: WaitingTimeout=5s; WaitingRetryInterval=0.5s
2021-08-22 01:27:47.4412 TRACE - Set: VerificationTimeout=5s; VerificationRetryInterval=0.5s
2021-08-22 01:27:47.4418 TRACE - Set: Culture=en-US
2021-08-22 01:27:47.4424 TRACE - Set: Artifacts=C:\Workspace\Vote\Vote\bin\Debug\netcoreapp3.1\artifacts\2021-08-22 01_27_47\Votes+SetUpFixture\SignIn
2021-08-22 01:27:47.4487 TRACE - Set: DriverService=ChromeDriverService on port 64973
2021-08-22 01:27:48.0661 TRACE - Set: Driver=ChromeDriver (alias=chrome)
2021-08-22 01:27:48.0683 TRACE < Set up AtataContext (0.681s)
2021-08-22 01:27:48.0902  INFO Go to "Vote" page
2021-08-22 01:27:48.1095  INFO Go to URL "https://www.fusohero.com.tw/vote-content.php?id=67"
2021-08-22 01:27:50.9536  INFO > Click "Vote Btn" link
2021-08-22 01:27:50.9569 TRACE - > Execute behavior ClickUsingClickMethodAttribute against "Vote Btn" link
2021-08-22 01:27:50.9758 TRACE - - > Find visible element by XPath ".//*[normalize-space(@id) = 'vote-btn']/descendant-or-self::a" in ChromeDriver
2021-08-22 01:27:56.0004 TRACE - - < Find visible element by XPath ".//*[normalize-space(@id) = 'vote-btn']/descendant-or-self::a" in ChromeDriver (5.024s) >> OpenQA.Selenium.NoSuchElementException: Unable to locate visible element...
2021-08-22 01:27:56.0018 TRACE - < Execute behavior ClickUsingClickMethodAttribute against "Vote Btn" link (5.044s) >> OpenQA.Selenium.NoSuchElementException: Unable to locate visible element...
2021-08-22 01:27:56.0026  INFO < Click "Vote Btn" link (5.048s) >> OpenQA.Selenium.NoSuchElementException: Unable to locate visible element...
2021-08-22 01:27:56.0265 ERROR OpenQA.Selenium.NoSuchElementException : Unable to locate visible element:
- By: XPath ".//*[normalize-space(@id) = 'vote-btn']/descendant-or-self::a"
- Search time: 5.02s
- Search options: {Visibility=Visible, Timeout=5s, RetryInterval=0.5s, IsSafely=False}
   at Atata.ExtendedSearchContext`1.Find(By by)
   at Atata.ExtendedSearchContext`1.FindElement(By by)
   at Atata.ISearchContextExtensions.Get[T](T searchContext, By by)
   at Atata.ISearchContextLoggingExtensions.<>c__DisplayClass0_0.<GetWithLogging>b__0()
   at Atata.LogManager.ExecuteSection[TResult](LogSection section, Func`1 function)
   at Atata.ISearchContextLoggingExtensions.GetWithLogging(ISearchContext searchContext, By by)
   at Atata.XPathComponentScopeFindResult.Get(String xPathCondition)
   at Atata.StrategyScopeLocator.<>c__DisplayClass3_0.<GetElement>b__0(XPathComponentScopeFindResult x)
   at System.Linq.Enumerable.SelectArrayIterator`2.MoveNext()
   at System.Linq.Enumerable.TryGetFirst[TSource](IEnumerable`1 source, Func`2 predicate, Boolean& found)
   at System.Linq.Enumerable.FirstOrDefault[TSource](IEnumerable`1 source, Func`2 predicate)
   at Atata.StrategyScopeLocator.GetElement(SearchOptions searchOptions, String xPathCondition)
   at Atata.UIComponent`1.OnGetScopeElement(SearchOptions searchOptions)
   at Atata.UIComponent.GetScopeElement(SearchOptions searchOptions)
   at Atata.UIComponent.get_Scope()
   at Atata.ClickUsingClickMethodAttribute.Execute[TOwner](IUIComponent`1 component)
   at Atata.Control`1.<>c__DisplayClass12_0.<OnClick>b__0()
   at Atata.LogManager.ExecuteSection(LogSection section, Action action)
   at Atata.Control`1.OnClick()
   at Atata.LogManager.ExecuteSection(LogSection section, Action action)
   at Atata.Control`1.Click()
   at Vote.Votes.SetUpFixture.SignIn() in C:\Workspace\Vote\Vote\Votes.cs:line 39
2021-08-22 01:27:56.0288  INFO Take screenshot #01 - Failed
2021-08-22 01:27:56.2332  INFO Screenshot saved to file "C:\Workspace\Vote\Vote\bin\Debug\netcoreapp3.1\artifacts\2021-08-22 01_27_47\Votes+SetUpFixture\SignIn\01 - Vote page - Failed.png"
2021-08-22 01:27:56.2357 ERROR OpenQA.Selenium.NoSuchElementException : Unable to locate visible element:
- By: XPath ".//*[normalize-space(@id) = 'vote-btn']/descendant-or-self::a"
- Search time: 5.02s
- Search options: {Visibility=Visible, Timeout=5s, RetryInterval=0.5s, IsSafely=False}
   at Atata.ExtendedSearchContext`1.Find(By by)
   at Atata.ExtendedSearchContext`1.FindElement(By by)
   at Atata.ISearchContextExtensions.Get[T](T searchContext, By by)
   at Atata.ISearchContextLoggingExtensions.<>c__DisplayClass0_0.<GetWithLogging>b__0()
   at Atata.LogManager.ExecuteSection[TResult](LogSection section, Func`1 function)
   at Atata.ISearchContextLoggingExtensions.GetWithLogging(ISearchContext searchContext, By by)
   at Atata.XPathComponentScopeFindResult.Get(String xPathCondition)
   at Atata.StrategyScopeLocator.<>c__DisplayClass3_0.<GetElement>b__0(XPathComponentScopeFindResult x)
   at System.Linq.Enumerable.SelectArrayIterator`2.MoveNext()
   at System.Linq.Enumerable.TryGetFirst[TSource](IEnumerable`1 source, Func`2 predicate, Boolean& found)
   at System.Linq.Enumerable.FirstOrDefault[TSource](IEnumerable`1 source, Func`2 predicate)
   at Atata.StrategyScopeLocator.GetElement(SearchOptions searchOptions, String xPathCondition)
   at Atata.UIComponent`1.OnGetScopeElement(SearchOptions searchOptions)
   at Atata.UIComponent.GetScopeElement(SearchOptions searchOptions)
   at Atata.UIComponent.get_Scope()
   at Atata.ClickUsingClickMethodAttribute.Execute[TOwner](IUIComponent`1 component)
   at Atata.Control`1.<>c__DisplayClass12_0.<OnClick>b__0()
   at Atata.LogManager.ExecuteSection(LogSection section, Action action)
   at Atata.Control`1.OnClick()
   at Atata.LogManager.ExecuteSection(LogSection section, Action action)
   at Atata.Control`1.Click()
   at Vote.Votes.SetUpFixture.SignIn() in C:\Workspace\Vote\Vote\Votes.cs:line 39
2021-08-22 01:27:56.2364  INFO Take screenshot #02 - Failed
2021-08-22 01:27:56.4360  INFO Screenshot saved to file "C:\Workspace\Vote\Vote\bin\Debug\netcoreapp3.1\artifacts\2021-08-22 01_27_47\Votes+SetUpFixture\SignIn\02 - Vote page - Failed.png"
2021-08-22 01:27:56.4374  INFO > Clean up AtataContext
2021-08-22 01:27:56.5733  INFO < Clean up AtataContext (0.135s)
2021-08-22 01:27:56.5748  INFO Finished test (9.394s)
2021-08-22 01:27:56.5758  INFO Pure test execution time: 7.949s
