2021-08-22 01:36:33.2185  INFO Starting test: Vote.Votes+SetUpFixture.SignIn
2021-08-22 01:36:33.3642 TRACE > Set up AtataContext
2021-08-22 01:36:33.4164 TRACE - Use: "Atata.json" config
2021-08-22 01:36:33.4171 TRACE - Use: "Atata.local.json" config
2021-08-22 01:36:33.4177 TRACE - Set: BaseUrl=https://www.fusohero.com.tw/vote-content.php?id=67
2021-08-22 01:36:33.4187 TRACE - Set: ElementFindTimeout=5s; ElementFindRetryInterval=0.5s
2021-08-22 01:36:33.4193 TRACE - Set: WaitingTimeout=5s; WaitingRetryInterval=0.5s
2021-08-22 01:36:33.4200 TRACE - Set: VerificationTimeout=5s; VerificationRetryInterval=0.5s
2021-08-22 01:36:33.4207 TRACE - Set: Culture=en-US
2021-08-22 01:36:33.4214 TRACE - Set: Artifacts=C:\Workspace\Vote\Vote\bin\Debug\netcoreapp3.1\artifacts\2021-08-22 01_36_33\Votes+SetUpFixture\SignIn
2021-08-22 01:36:33.4291 TRACE - Set: DriverService=ChromeDriverService on port 60403
2021-08-22 01:36:34.0424 TRACE - Set: Driver=ChromeDriver (alias=chrome)
2021-08-22 01:36:34.0445 TRACE < Set up AtataContext (0.679s)
2021-08-22 01:36:34.0676  INFO Go to "Vote" page
2021-08-22 01:36:34.0866  INFO Go to URL "https://www.fusohero.com.tw/vote-content.php?id=67"
2021-08-22 01:36:37.1536  INFO > Click "Vote Btn" link
2021-08-22 01:36:37.1568 TRACE - > Execute behavior ClickUsingClickMethodAttribute against "Vote Btn" link
2021-08-22 01:36:37.1744 TRACE - - > Find visible element by XPath ".//a[normalize-space(.) = 'votebtn']" in ChromeDriver
2021-08-22 01:36:42.2028 TRACE - - < Find visible element by XPath ".//a[normalize-space(.) = 'votebtn']" in ChromeDriver (5.028s) >> OpenQA.Selenium.NoSuchElementException: Unable to locate visible element...
2021-08-22 01:36:42.2047 TRACE - < Execute behavior ClickUsingClickMethodAttribute against "Vote Btn" link (5.047s) >> OpenQA.Selenium.NoSuchElementException: Unable to locate visible element...
2021-08-22 01:36:42.2056  INFO < Click "Vote Btn" link (5.051s) >> OpenQA.Selenium.NoSuchElementException: Unable to locate visible element...
2021-08-22 01:36:42.2289 ERROR OpenQA.Selenium.NoSuchElementException : Unable to locate visible element:
- By: XPath ".//a[normalize-space(.) = 'votebtn']"
- Search time: 5.024s
- Search options: {Visibility=Visible, Timeout=5s, RetryInterval=0.5s, IsSafely=False}
   at Atata.ExtendedSearchContext`1.Find(By by)
   at Atata.ExtendedSearchContext`1.FindElement(By by)
   at Atata.ISearchContextExtensions.Get[T](T searchContext, By by)
   at Atata.ISearchContextLoggingExtensions.<>c__DisplayClass0_0.<GetWithLogging>b__0()
   at Atata.LogManager.ExecuteSection[TResult](LogSection section, Func`1 function)
   at Atata.ISearchContextLoggingExtensions.GetWithLogging(ISearchContext searchContext, By by)
   at Atata.XPathComponentScopeFindResult.Get(String xPathCondition)
   at Atata.StrategyScopeLocator.<>c__DisplayClass3_0.<GetElement>b__0(XPathComponentScopeFindResult x)
   at System.Linq.Enumerable.SelectArrayIterator`2.MoveNext()
   at System.Linq.Enumerable.TryGetFirst[TSource](IEnumerable`1 source, Func`2 predicate, Boolean& found)
   at System.Linq.Enumerable.FirstOrDefault[TSource](IEnumerable`1 source, Func`2 predicate)
   at Atata.StrategyScopeLocator.GetElement(SearchOptions searchOptions, String xPathCondition)
   at Atata.UIComponent`1.OnGetScopeElement(SearchOptions searchOptions)
   at Atata.UIComponent.GetScopeElement(SearchOptions searchOptions)
   at Atata.UIComponent.get_Scope()
   at Atata.ClickUsingClickMethodAttribute.Execute[TOwner](IUIComponent`1 component)
   at Atata.Control`1.<>c__DisplayClass12_0.<OnClick>b__0()
   at Atata.LogManager.ExecuteSection(LogSection section, Action action)
   at Atata.Control`1.OnClick()
   at Atata.LogManager.ExecuteSection(LogSection section, Action action)
   at Atata.Control`1.Click()
   at Vote.Votes.SetUpFixture.SignIn() in C:\Workspace\Vote\Vote\Votes.cs:line 39
2021-08-22 01:36:42.2311  INFO Take screenshot #01 - Failed
2021-08-22 01:36:42.4453  INFO Screenshot saved to file "C:\Workspace\Vote\Vote\bin\Debug\netcoreapp3.1\artifacts\2021-08-22 01_36_33\Votes+SetUpFixture\SignIn\01 - Vote page - Failed.png"
2021-08-22 01:36:42.4480 ERROR OpenQA.Selenium.NoSuchElementException : Unable to locate visible element:
- By: XPath ".//a[normalize-space(.) = 'votebtn']"
- Search time: 5.024s
- Search options: {Visibility=Visible, Timeout=5s, RetryInterval=0.5s, IsSafely=False}
   at Atata.ExtendedSearchContext`1.Find(By by)
   at Atata.ExtendedSearchContext`1.FindElement(By by)
   at Atata.ISearchContextExtensions.Get[T](T searchContext, By by)
   at Atata.ISearchContextLoggingExtensions.<>c__DisplayClass0_0.<GetWithLogging>b__0()
   at Atata.LogManager.ExecuteSection[TResult](LogSection section, Func`1 function)
   at Atata.ISearchContextLoggingExtensions.GetWithLogging(ISearchContext searchContext, By by)
   at Atata.XPathComponentScopeFindResult.Get(String xPathCondition)
   at Atata.StrategyScopeLocator.<>c__DisplayClass3_0.<GetElement>b__0(XPathComponentScopeFindResult x)
   at System.Linq.Enumerable.SelectArrayIterator`2.MoveNext()
   at System.Linq.Enumerable.TryGetFirst[TSource](IEnumerable`1 source, Func`2 predicate, Boolean& found)
   at System.Linq.Enumerable.FirstOrDefault[TSource](IEnumerable`1 source, Func`2 predicate)
   at Atata.StrategyScopeLocator.GetElement(SearchOptions searchOptions, String xPathCondition)
   at Atata.UIComponent`1.OnGetScopeElement(SearchOptions searchOptions)
   at Atata.UIComponent.GetScopeElement(SearchOptions searchOptions)
   at Atata.UIComponent.get_Scope()
   at Atata.ClickUsingClickMethodAttribute.Execute[TOwner](IUIComponent`1 component)
   at Atata.Control`1.<>c__DisplayClass12_0.<OnClick>b__0()
   at Atata.LogManager.ExecuteSection(LogSection section, Action action)
   at Atata.Control`1.OnClick()
   at Atata.LogManager.ExecuteSection(LogSection section, Action action)
   at Atata.Control`1.Click()
   at Vote.Votes.SetUpFixture.SignIn() in C:\Workspace\Vote\Vote\Votes.cs:line 39
2021-08-22 01:36:42.4488  INFO Take screenshot #02 - Failed
2021-08-22 01:36:42.6565  INFO Screenshot saved to file "C:\Workspace\Vote\Vote\bin\Debug\netcoreapp3.1\artifacts\2021-08-22 01_36_33\Votes+SetUpFixture\SignIn\02 - Vote page - Failed.png"
2021-08-22 01:36:42.6582  INFO > Clean up AtataContext
2021-08-22 01:36:42.7970  INFO < Clean up AtataContext (0.138s)
2021-08-22 01:36:42.7982  INFO Finished test (9.637s)
2021-08-22 01:36:42.7990  INFO Pure test execution time: 8.175s
