2021-08-22 00:54:41.5866  INFO Starting test: Vote.Votes+SetUpFixture.SignIn
2021-08-22 00:54:41.7229 TRACE > Set up AtataContext
2021-08-22 00:54:41.7709 TRACE - Use: "Atata.json" config
2021-08-22 00:54:41.7718 TRACE - Use: "Atata.local.json" config
2021-08-22 00:54:41.7724 TRACE - Set: BaseUrl=https://www.fusohero.com.tw/vote-content.php?id=67
2021-08-22 00:54:41.7737 TRACE - Set: ElementFindTimeout=5s; ElementFindRetryInterval=0.5s
2021-08-22 00:54:41.7746 TRACE - Set: WaitingTimeout=5s; WaitingRetryInterval=0.5s
2021-08-22 00:54:41.7753 TRACE - Set: VerificationTimeout=5s; VerificationRetryInterval=0.5s
2021-08-22 00:54:41.7759 TRACE - Set: Culture=en-US
2021-08-22 00:54:41.7767 TRACE - Set: Artifacts=C:\Workspace\Vote\Vote\bin\Debug\netcoreapp3.1\artifacts\2021-08-22 00_54_41\Votes+SetUpFixture\SignIn
2021-08-22 00:54:41.7833 TRACE - Set: DriverService=ChromeDriverService on port 53848
2021-08-22 00:54:42.4644 TRACE - Set: Driver=ChromeDriver (alias=chrome)
2021-08-22 00:54:42.4665 TRACE < Set up AtataContext (0.743s)
2021-08-22 00:54:42.4885  INFO Go to "Vote" page
2021-08-22 00:54:42.5084  INFO Go to URL "https://www.fusohero.com.tw/vote-content.php?id=67"
2021-08-22 00:54:45.3391  INFO > Click "Vote Btn" control
2021-08-22 00:54:45.3427 TRACE - > Execute behavior ClickUsingClickMethodAttribute against "Vote Btn" control
2021-08-22 00:54:45.3574 TRACE - - > Find visible elements by CSS selector "votebtn" in ChromeDriver
2021-08-22 00:54:50.3900 TRACE - - < Find visible elements by CSS selector "votebtn" in ChromeDriver (5.030s) >> []
2021-08-22 00:54:50.3991 TRACE - < Execute behavior ClickUsingClickMethodAttribute against "Vote Btn" control (5.056s) >> OpenQA.Selenium.NoSuchElementException: Unable to locate visible "Vote Btn" control element...
2021-08-22 00:54:50.4005  INFO < Click "Vote Btn" control (5.061s) >> OpenQA.Selenium.NoSuchElementException: Unable to locate visible "Vote Btn" control element...
2021-08-22 00:54:50.4425 ERROR OpenQA.Selenium.NoSuchElementException : Unable to locate visible "Vote Btn" control element:
- By: CSS selector "votebtn"
- Search options: {Visibility=Visible, Timeout=5s, RetryInterval=0.5s, IsSafely=False}
   at Atata.StrategyScopeLocatorExecutor.ResolveResult(ComponentScopeLocateResult result, ISearchContext scopeSource, ComponentScopeLocateOptions scopeLocateOptions, SearchOptions searchOptions)
   at Atata.StrategyScopeLocatorExecutor.Execute(StrategyScopeLocatorExecutionData executionData)
   at Atata.StrategyScopeLocator.GetElement(SearchOptions searchOptions, String xPathCondition)
   at Atata.UIComponent`1.OnGetScopeElement(SearchOptions searchOptions)
   at Atata.UIComponent.GetScopeElement(SearchOptions searchOptions)
   at Atata.UIComponent.get_Scope()
   at Atata.ClickUsingClickMethodAttribute.Execute[TOwner](IUIComponent`1 component)
   at Atata.Control`1.<>c__DisplayClass12_0.<OnClick>b__0()
   at Atata.LogManager.ExecuteSection(LogSection section, Action action)
   at Atata.Control`1.OnClick()
   at Atata.LogManager.ExecuteSection(LogSection section, Action action)
   at Atata.Control`1.Click()
   at Vote.Votes.SetUpFixture.SignIn() in C:\Workspace\Vote\Vote\Votes.cs:line 39
2021-08-22 00:54:50.4478  INFO Take screenshot #01 - Failed
2021-08-22 00:54:50.7266  INFO Screenshot saved to file "C:\Workspace\Vote\Vote\bin\Debug\netcoreapp3.1\artifacts\2021-08-22 00_54_41\Votes+SetUpFixture\SignIn\01 - Vote page - Failed.png"
2021-08-22 00:54:50.7297 ERROR OpenQA.Selenium.NoSuchElementException : Unable to locate visible "Vote Btn" control element:
- By: CSS selector "votebtn"
- Search options: {Visibility=Visible, Timeout=5s, RetryInterval=0.5s, IsSafely=False}
   at Atata.StrategyScopeLocatorExecutor.ResolveResult(ComponentScopeLocateResult result, ISearchContext scopeSource, ComponentScopeLocateOptions scopeLocateOptions, SearchOptions searchOptions)
   at Atata.StrategyScopeLocatorExecutor.Execute(StrategyScopeLocatorExecutionData executionData)
   at Atata.StrategyScopeLocator.GetElement(SearchOptions searchOptions, String xPathCondition)
   at Atata.UIComponent`1.OnGetScopeElement(SearchOptions searchOptions)
   at Atata.UIComponent.GetScopeElement(SearchOptions searchOptions)
   at Atata.UIComponent.get_Scope()
   at Atata.ClickUsingClickMethodAttribute.Execute[TOwner](IUIComponent`1 component)
   at Atata.Control`1.<>c__DisplayClass12_0.<OnClick>b__0()
   at Atata.LogManager.ExecuteSection(LogSection section, Action action)
   at Atata.Control`1.OnClick()
   at Atata.LogManager.ExecuteSection(LogSection section, Action action)
   at Atata.Control`1.Click()
   at Vote.Votes.SetUpFixture.SignIn() in C:\Workspace\Vote\Vote\Votes.cs:line 39
2021-08-22 00:54:50.7305  INFO Take screenshot #02 - Failed
2021-08-22 00:54:50.9330  INFO Screenshot saved to file "C:\Workspace\Vote\Vote\bin\Debug\netcoreapp3.1\artifacts\2021-08-22 00_54_41\Votes+SetUpFixture\SignIn\02 - Vote page - Failed.png"
2021-08-22 00:54:50.9354  INFO > Clean up AtataContext
2021-08-22 00:54:51.0607  INFO < Clean up AtataContext (0.125s)
2021-08-22 00:54:51.0624  INFO Finished test (9.529s)
2021-08-22 00:54:51.0630  INFO Pure test execution time: 7.958s
