2021-08-22 01:15:56.7095  INFO Starting test: Vote.Votes+SetUpFixture.SignIn
2021-08-22 01:15:56.8917 TRACE > Set up AtataContext
2021-08-22 01:15:56.9548 TRACE - Use: "Atata.json" config
2021-08-22 01:15:56.9557 TRACE - Use: "Atata.local.json" config
2021-08-22 01:15:56.9563 TRACE - Set: BaseUrl=https://www.fusohero.com.tw/vote-content.php?id=67
2021-08-22 01:15:56.9579 TRACE - Set: ElementFindTimeout=5s; ElementFindRetryInterval=0.5s
2021-08-22 01:15:56.9589 TRACE - Set: WaitingTimeout=5s; WaitingRetryInterval=0.5s
2021-08-22 01:15:56.9597 TRACE - Set: VerificationTimeout=5s; VerificationRetryInterval=0.5s
2021-08-22 01:15:56.9607 TRACE - Set: Culture=en-US
2021-08-22 01:15:56.9614 TRACE - Set: Artifacts=C:\Workspace\Vote\Vote\bin\Debug\netcoreapp3.1\artifacts\2021-08-22 01_15_56\Votes+SetUpFixture\SignIn
2021-08-22 01:15:56.9695 TRACE - Set: DriverService=ChromeDriverService on port 52291
2021-08-22 01:15:57.7195 TRACE - Set: Driver=ChromeDriver (alias=chrome)
2021-08-22 01:15:57.7219 TRACE < Set up AtataContext (0.829s)
2021-08-22 01:15:57.7483  INFO Go to "Vote" page
2021-08-22 01:15:57.7701  INFO Go to URL "https://www.fusohero.com.tw/vote-content.php?id=67"
2021-08-22 01:16:01.3995  INFO > Click "Vote Btn" link
2021-08-22 01:16:01.4031 TRACE - > Execute behavior ClickUsingClickMethodAttribute against "Vote Btn" link
2021-08-22 01:16:01.4244 TRACE - - > Find visible element by XPath ".//a[normalize-space(.) = 'votebtn']" in ChromeDriver
2021-08-22 01:16:06.4438 TRACE - - < Find visible element by XPath ".//a[normalize-space(.) = 'votebtn']" in ChromeDriver (5.019s) >> OpenQA.Selenium.NoSuchElementException: Unable to locate visible element...
2021-08-22 01:16:06.4460 TRACE - < Execute behavior ClickUsingClickMethodAttribute against "Vote Btn" link (5.042s) >> OpenQA.Selenium.NoSuchElementException: Unable to locate visible element...
