2021-08-22 20:41:10.0699  INFO Starting test: Vote.Votes.Vote
2021-08-22 20:41:10.2464 TRACE > Set up AtataContext
2021-08-22 20:41:10.3032 TRACE - Use: "Atata.json" config
2021-08-22 20:41:10.3039 TRACE - Use: "Atata.local.json" config
2021-08-22 20:41:10.3043 TRACE - Set: BaseUrl=https://www.fusohero.com.tw/vote-content.php?id=67
2021-08-22 20:41:10.3054 TRACE - Set: ElementFindTimeout=5s; ElementFindRetryInterval=0.5s
2021-08-22 20:41:10.3059 TRACE - Set: WaitingTimeout=5s; WaitingRetryInterval=0.5s
2021-08-22 20:41:10.3064 TRACE - Set: VerificationTimeout=5s; VerificationRetryInterval=0.5s
2021-08-22 20:41:10.3069 TRACE - Set: Culture=en-US
2021-08-22 20:41:10.3075 TRACE - Set: Artifacts=C:\Workspace\Vote\Vote\bin\Debug\netcoreapp3.1\artifacts\2021-08-22 20_41_10\Votes\Vote
2021-08-22 20:41:10.3130 TRACE - Set: DriverService=ChromeDriverService on port 49497
2021-08-22 20:41:10.9322 TRACE - Set: Driver=ChromeDriver (alias=chrome)
2021-08-22 20:41:10.9344 TRACE < Set up AtataContext (0.687s)
2021-08-22 20:41:10.9566  INFO Go to "Vote" page
2021-08-22 20:41:10.9755  INFO Go to URL "https://www.fusohero.com.tw/vote-content.php?id=67"
2021-08-22 20:41:12.1419 ERROR System.NullReferenceException : Object reference not set to an instance of an object.
   at Vote.Votes.UseModHeader() in C:\Workspace\Vote\Vote\Votes.cs:line 55
   at Vote.Votes.Vote() in C:\Workspace\Vote\Vote\Votes.cs:line 48
   at NUnit.Framework.Internal.TaskAwaitAdapter.GenericAdapter`1.GetResult()
   at NUnit.Framework.Internal.AsyncToSyncAdapter.Await(Func`1 invoke)
   at NUnit.Framework.Internal.Commands.TestMethodCommand.RunTestMethod(TestExecutionContext context)
   at NUnit.Framework.Internal.Commands.TestMethodCommand.Execute(TestExecutionContext context)
   at NUnit.Framework.Internal.Commands.BeforeAndAfterTestCommand.<>c__DisplayClass1_0.<Execute>b__0()
   at NUnit.Framework.Internal.Commands.BeforeAndAfterTestCommand.RunTestMethodInThreadAbortSafeZone(TestExecutionContext context, Action action)
2021-08-22 20:41:12.1446  INFO Take screenshot #01 - Failed
2021-08-22 20:41:12.3589  INFO Screenshot saved to file "C:\Workspace\Vote\Vote\bin\Debug\netcoreapp3.1\artifacts\2021-08-22 20_41_10\Votes\Vote\01 - Vote page - Failed.png"
2021-08-22 20:41:12.3617 ERROR System.NullReferenceException : Object reference not set to an instance of an object.
   at Vote.Votes.UseModHeader() in C:\Workspace\Vote\Vote\Votes.cs:line 55
   at Vote.Votes.Vote() in C:\Workspace\Vote\Vote\Votes.cs:line 48
   at NUnit.Framework.Internal.TaskAwaitAdapter.GenericAdapter`1.GetResult()
   at NUnit.Framework.Internal.AsyncToSyncAdapter.Await(Func`1 invoke)
   at NUnit.Framework.Internal.Commands.TestMethodCommand.RunTestMethod(TestExecutionContext context)
   at NUnit.Framework.Internal.Commands.TestMethodCommand.Execute(TestExecutionContext context)
   at NUnit.Framework.Internal.Commands.BeforeAndAfterTestCommand.<>c__DisplayClass1_0.<Execute>b__0()
   at NUnit.Framework.Internal.Commands.BeforeAndAfterTestCommand.RunTestMethodInThreadAbortSafeZone(TestExecutionContext context, Action action)
2021-08-22 20:41:12.3623  INFO Take screenshot #02 - Failed
2021-08-22 20:41:12.5777  INFO Screenshot saved to file "C:\Workspace\Vote\Vote\bin\Debug\netcoreapp3.1\artifacts\2021-08-22 20_41_10\Votes\Vote\02 - Vote page - Failed.png"
2021-08-22 20:41:12.5786  INFO > Clean up AtataContext
2021-08-22 20:41:12.6893  INFO < Clean up AtataContext (0.110s)
2021-08-22 20:41:12.6902  INFO Finished test (2.684s)
2021-08-22 20:41:12.6907  INFO Pure test execution time: 1.198s
